2026-04-11 16:25:05,281 INFO {"event": "request_start", "request_id": "smoke-req", "path": "/api/test"}
2026-04-11 17:56:31,427 INFO {"event": "request_start", "request_id": "01312bc635", "path": "/api/cut", "draft_tag": "nuclear weapons are to expensive", "has_article_text": false, "source_url": "", "semantic_search_enabled": true}
2026-04-11 18:02:55,273 INFO {"event": "request_start", "request_id": "f734a6ba6c", "path": "/api/research", "draft_tag": "nuclear weapons are to expensive", "has_article_text": false, "source_url": "", "semantic_search_enabled": true}
2026-04-11 18:03:23,417 INFO {"event": "request_success", "request_id": "f734a6ba6c", "path": "/api/research", "selected_title": "[2512.07487] Artificial Intelligence and Nuclear Weapons Proliferation: The Technological Arms Race for (In)visibility", "source_count": 8}
2026-04-11 18:04:20,163 INFO {"event": "request_start", "request_id": "44f421dcca", "path": "/api/cut", "draft_tag": "nuclear weapons are to expensive", "has_article_text": true, "source_url": "https://arxiv.org/abs/2512.07487", "semantic_search_enabled": true}
2026-04-11 18:07:12,292 INFO {"event": "request_start", "request_id": "6f1f335eb0", "path": "/api/cut", "draft_tag": "nuclear weapons are to expensive", "has_article_text": false, "source_url": "", "semantic_search_enabled": true}
2026-04-11 18:10:45,196 INFO {"event": "request_start", "request_id": "2f94fa9afd", "path": "/api/cut", "draft_tag": "nuclear weapons are to expensive", "has_article_text": false, "source_url": "", "semantic_search_enabled": true}
2026-04-11 18:18:12,720 INFO {"event": "request_start", "request_id": "f8fd3afcf5", "path": "/api/cut", "draft_tag": "nuclear weapons are to expensive", "has_article_text": false, "source_url": "", "semantic_search_enabled": true}
2026-04-11 18:22:30,871 INFO {"event": "request_start", "request_id": "f14af61163", "path": "/api/cut", "draft_tag": "nuclear weapons are to expensive", "has_article_text": false, "source_url": "", "semantic_search_enabled": true}
2026-04-11 18:32:27,599 INFO {"event": "request_start", "request_id": "8817a7283e", "path": "/api/cut", "draft_tag": "nuclear weapons are to expensive", "has_article_text": false, "source_url": "", "semantic_search_enabled": true}
2026-04-11 18:37:55,030 INFO {"event": "request_start", "request_id": "da59ab8506", "path": "/api/cut", "draft_tag": "nuclear weapons are to expensive", "has_article_text": false, "source_url": "", "semantic_search_enabled": true}
2026-04-11 18:42:15,954 INFO {"event": "request_start", "request_id": "5219e45bd7", "path": "/api/cut", "draft_tag": "nuclear weapons are to expensive", "has_article_text": false, "source_url": "", "semantic_search_enabled": true}
2026-04-11 18:43:22,867 INFO {"event": "request_start", "request_id": "3048748260", "path": "/api/cut", "draft_tag": "nuclear weapons are to expensive", "has_article_text": false, "source_url": "", "semantic_search_enabled": true}
2026-04-11 18:47:38,163 INFO {"event": "request_start", "request_id": "c925a76204", "path": "/api/research", "draft_tag": "Non-intervention preserves civilian control of the military", "has_article_text": false, "source_url": "", "semantic_search_enabled": true}
2026-04-11 18:48:27,635 INFO {"event": "request_success", "request_id": "c925a76204", "path": "/api/research", "selected_title": "EMPIRICAL | English meaning - Cambridge Dictionary", "source_count": 8}
2026-04-11 18:48:41,021 INFO {"event": "request_start", "request_id": "ee52acf3a8", "path": "/api/cut", "draft_tag": "Non-intervention preserves civilian control of the military", "has_article_text": false, "source_url": "", "semantic_search_enabled": true}
2026-04-11 18:51:39,439 INFO {"event": "request_start", "request_id": "19efe59531", "path": "/api/research", "draft_tag": "Military autonomy collapses constitutional chain of command", "has_article_text": false, "source_url": "", "semantic_search_enabled": true}
2026-04-11 18:52:56,990 INFO {"event": "request_success", "request_id": "19efe59531", "path": "/api/research", "selected_title": "Will the Military Draft Come Back? | Military.com", "source_count": 8}
2026-04-11 18:56:12,576 INFO {"event": "request_start", "request_id": "18191ac66c", "path": "/api/cut", "draft_tag": "Military autonomy collapses constitutional chain of command", "has_article_text": false, "source_url": "", "semantic_search_enabled": true}
2026-04-11 18:56:34,252 INFO {"event": "request_start", "request_id": "7b05b3fe2c", "path": "/api/research", "draft_tag": "Non-intervention avoids military politicization spillover", "has_article_text": false, "source_url": "", "semantic_search_enabled": true}
2026-04-11 18:56:53,774 INFO {"event": "request_start", "request_id": "37bfb5f7cb", "path": "/api/research", "draft_tag": "Intervention overstretches force readiness and logistics", "has_article_text": false, "source_url": "", "semantic_search_enabled": true}
2026-04-11 18:58:09,906 INFO {"event": "request_success", "request_id": "7b05b3fe2c", "path": "/api/research", "selected_title": "No, not, and non - English Language & Usage Stack Exchange", "source_count": 8}
2026-04-11 18:58:31,772 INFO {"event": "request_success", "request_id": "37bfb5f7cb", "path": "/api/research", "selected_title": "INTERVENTION | English meaning - Cambridge Dictionary", "source_count": 8}
2026-04-11 18:58:31,788 INFO {"event": "request_start", "request_id": "a6cf56145c", "path": "/api/cut", "draft_tag": "Intervention overstretches force readiness and logistics", "has_article_text": false, "source_url": "", "semantic_search_enabled": true}
2026-04-11 19:00:32,211 INFO {"event": "request_start", "request_id": "8ae9b45e74", "path": "/api/research", "draft_tag": "Non-intervention preserves military deterrence credibility", "has_article_text": false, "source_url": "", "semantic_search_enabled": true}
2026-04-11 19:01:46,424 INFO {"event": "request_success", "request_id": "8ae9b45e74", "path": "/api/research", "selected_title": "No, not, and non - English Language & Usage Stack Exchange", "source_count": 8}
2026-04-11 19:01:46,452 INFO {"event": "request_start", "request_id": "20327d9b9a", "path": "/api/cut", "draft_tag": "Non-intervention preserves military deterrence credibility", "has_article_text": false, "source_url": "", "semantic_search_enabled": true}
2026-04-11 19:03:46,946 INFO {"event": "request_start", "request_id": "b0a8af6db7", "path": "/api/research", "draft_tag": "Intervention degrades troop morale and retention", "has_article_text": false, "source_url": "", "semantic_search_enabled": true}
2026-04-11 19:05:03,483 INFO {"event": "request_success", "request_id": "b0a8af6db7", "path": "/api/research", "selected_title": "INTERVENTION | English meaning - Cambridge Dictionary", "source_count": 8}
2026-04-11 19:05:03,496 INFO {"event": "request_start", "request_id": "ba5bfc033e", "path": "/api/cut", "draft_tag": "Intervention degrades troop morale and retention", "has_article_text": false, "source_url": "", "semantic_search_enabled": true}
2026-04-11 19:07:03,892 INFO {"event": "request_start", "request_id": "bdaa31d394", "path": "/api/research", "draft_tag": "Non-intervention prevents mission creep expansion", "has_article_text": false, "source_url": "", "semantic_search_enabled": true}
2026-04-11 19:08:39,147 INFO {"event": "request_success", "request_id": "bdaa31d394", "path": "/api/research", "selected_title": "No, not, and non - English Language & Usage Stack Exchange", "source_count": 8}
2026-04-11 19:08:39,159 INFO {"event": "request_start", "request_id": "3a72ae7396", "path": "/api/cut", "draft_tag": "Non-intervention prevents mission creep expansion", "has_article_text": false, "source_url": "", "semantic_search_enabled": true}
2026-04-11 19:10:39,591 INFO {"event": "request_start", "request_id": "a5ada893b8", "path": "/api/research", "draft_tag": "Intervention creates unwinnable political objectives", "has_article_text": false, "source_url": "", "semantic_search_enabled": true}
2026-04-11 19:11:57,693 INFO {"event": "request_success", "request_id": "a5ada893b8", "path": "/api/research", "selected_title": "INTERVENTION | English meaning - Cambridge Dictionary", "source_count": 8}
2026-04-11 19:11:57,704 INFO {"event": "request_start", "request_id": "393bac8940", "path": "/api/cut", "draft_tag": "Intervention creates unwinnable political objectives", "has_article_text": false, "source_url": "", "semantic_search_enabled": true}
2026-04-11 19:13:58,202 INFO {"event": "request_start", "request_id": "4635246cc0", "path": "/api/research", "draft_tag": "Non-intervention preserves force modernization capacity", "has_article_text": false, "source_url": "", "semantic_search_enabled": true}
2026-04-11 19:14:39,092 INFO {"event": "request_success", "request_id": "4635246cc0", "path": "/api/research", "selected_title": "No, not, and non - English Language & Usage Stack Exchange", "source_count": 8}
2026-04-11 19:14:39,120 INFO {"event": "request_start", "request_id": "1a0fcc15b8", "path": "/api/cut", "draft_tag": "Non-intervention preserves force modernization capacity", "has_article_text": false, "source_url": "", "semantic_search_enabled": true}
2026-04-11 19:16:39,548 INFO {"event": "request_start", "request_id": "7c8b22d7d7", "path": "/api/research", "draft_tag": "Intervention shifts focus from peer conflict preparedness", "has_article_text": false, "source_url": "", "semantic_search_enabled": true}
2026-04-11 19:17:55,819 INFO {"event": "request_success", "request_id": "7c8b22d7d7", "path": "/api/research", "selected_title": "INTERVENTION | English meaning - Cambridge Dictionary", "source_count": 8}
2026-04-11 19:17:55,833 INFO {"event": "request_start", "request_id": "c8e8f08f22", "path": "/api/cut", "draft_tag": "Intervention shifts focus from peer conflict preparedness", "has_article_text": false, "source_url": "", "semantic_search_enabled": true}
2026-04-11 19:19:56,311 INFO {"event": "request_start", "request_id": "ced8c0b7a0", "path": "/api/research", "draft_tag": "Non-intervention avoids asymmetric warfare traps", "has_article_text": false, "source_url": "", "semantic_search_enabled": true}
2026-04-11 19:21:32,530 INFO {"event": "request_success", "request_id": "ced8c0b7a0", "path": "/api/research", "selected_title": "No, not, and non - English Language & Usage Stack Exchange", "source_count": 8}
2026-04-11 19:21:32,546 INFO {"event": "request_start", "request_id": "5bf1471e01", "path": "/api/cut", "draft_tag": "Non-intervention avoids asymmetric warfare traps", "has_article_text": false, "source_url": "", "semantic_search_enabled": true}
2026-04-11 19:24:18,222 INFO {"event": "request_start", "request_id": "2e0e3317e4", "path": "/api/research", "draft_tag": "Intervention weakens conventional deterrence posture", "has_article_text": false, "source_url": "", "semantic_search_enabled": true}
2026-04-11 19:25:33,864 INFO {"event": "request_success", "request_id": "2e0e3317e4", "path": "/api/research", "selected_title": "INTERVENTION | English meaning - Cambridge Dictionary", "source_count": 8}
2026-04-11 19:26:59,908 INFO {"event": "request_start", "request_id": "8501e244be", "path": "/api/cut", "draft_tag": "Intervention weakens conventional deterrence posture", "has_article_text": false, "source_url": "", "semantic_search_enabled": true}
2026-04-12 10:34:02,614 INFO {"event": "request_start", "request_id": "f4b8118927", "path": "/api/research", "draft_tag": "Non-intervention prevents strategic overextension collapse", "has_article_text": false, "source_url": "", "semantic_search_enabled": true}
2026-04-12 10:34:18,455 INFO {"event": "request_start", "request_id": "bf46d1ff21", "path": "/api/research", "draft_tag": "Intervention overstretches force readiness and logistics", "has_article_text": false, "source_url": "", "semantic_search_enabled": true}
2026-04-12 10:34:18,522 INFO {"event": "request_start", "request_id": "aa30d0505b", "path": "/api/research", "draft_tag": "Non-intervention preserves military deterrence credibility", "has_article_text": false, "source_url": "", "semantic_search_enabled": true}
2026-04-12 10:34:18,523 INFO {"event": "request_start", "request_id": "ddc8b393ce", "path": "/api/research", "draft_tag": "Intervention degrades troop morale and retention", "has_article_text": false, "source_url": "", "semantic_search_enabled": true}
2026-04-12 10:34:34,862 INFO {"event": "request_success", "request_id": "f4b8118927", "path": "/api/research", "selected_title": "[2110.09348] Understanding Dimensional Collapse in Contrastive Self-supervised Learning", "source_count": 8}
2026-04-12 10:34:34,865 WARNING {"event": "response_write_failed", "status": 200, "payload_keys": ["ok", "request_id", "research"]}
2026-04-12 10:34:50,098 INFO {"event": "request_success", "request_id": "ddc8b393ce", "path": "/api/research", "selected_title": "Will the Military Draft Come Back? | Military.com", "source_count": 8}
2026-04-12 10:34:50,136 INFO {"event": "request_start", "request_id": "46553de2a3", "path": "/api/cut", "draft_tag": "Intervention degrades troop morale and retention", "has_article_text": false, "source_url": "", "semantic_search_enabled": true}
2026-04-12 10:34:53,843 INFO {"event": "request_success", "request_id": "aa30d0505b", "path": "/api/research", "selected_title": "March 21, 2026\u2014KB5085516 (OS Builds 26200.8039 and 26100.8039) Out-of-band - Microsoft Support", "source_count": 8}
2026-04-12 10:34:53,862 INFO {"event": "request_start", "request_id": "61f80d366d", "path": "/api/cut", "draft_tag": "Non-intervention preserves military deterrence credibility", "has_article_text": false, "source_url": "", "semantic_search_enabled": true}
2026-04-12 10:34:57,925 INFO {"event": "request_success", "request_id": "bf46d1ff21", "path": "/api/research", "selected_title": "American Eagle to close Quiet Logistics business | Supply Chain Dive", "source_count": 8}
2026-04-12 10:34:57,941 INFO {"event": "request_start", "request_id": "0a1584b166", "path": "/api/cut", "draft_tag": "Intervention overstretches force readiness and logistics", "has_article_text": false, "source_url": "", "semantic_search_enabled": true}
2026-04-12 10:35:20,243 INFO {"event": "request_start", "request_id": "6485ec2c6d", "path": "/api/research", "draft_tag": "Non-intervention prevents mission creep expansion", "has_article_text": false, "source_url": "", "semantic_search_enabled": true}
2026-04-12 10:35:20,268 INFO {"event": "request_start", "request_id": "ce2ac35053", "path": "/api/research", "draft_tag": "Intervention creates unwinnable political objectives", "has_article_text": false, "source_url": "", "semantic_search_enabled": true}
2026-04-12 10:35:21,719 INFO {"event": "request_start", "request_id": "7fae021314", "path": "/api/research", "draft_tag": "Non-intervention preserves force modernization capacity", "has_article_text": false, "source_url": "", "semantic_search_enabled": true}
2026-04-12 10:35:43,063 INFO {"event": "request_success", "request_id": "7fae021314", "path": "/api/research", "selected_title": "Using \"non-\" to prefix a two-word phrase - English Language & Usage ...", "source_count": 8}
2026-04-12 10:35:43,093 INFO {"event": "request_start", "request_id": "90df5254df", "path": "/api/cut", "draft_tag": "Non-intervention preserves force modernization capacity", "has_article_text": false, "source_url": "", "semantic_search_enabled": true}
2026-04-12 10:35:44,056 INFO {"event": "request_success", "request_id": "ce2ac35053", "path": "/api/research", "selected_title": "Find Intervention Therapists and Psychologists in Olympia, WA - Psychology Today", "source_count": 8}
2026-04-12 10:35:44,077 INFO {"event": "request_start", "request_id": "cc7c275076", "path": "/api/cut", "draft_tag": "Intervention creates unwinnable political objectives", "has_article_text": false, "source_url": "", "semantic_search_enabled": true}
2026-04-12 10:35:49,958 INFO {"event": "request_success", "request_id": "6485ec2c6d", "path": "/api/research", "selected_title": "MissionSquare Retirement | MissionSquare", "source_count": 8}
2026-04-12 10:35:49,971 INFO {"event": "request_start", "request_id": "b46c63a393", "path": "/api/cut", "draft_tag": "Non-intervention prevents mission creep expansion", "has_article_text": false, "source_url": "", "semantic_search_enabled": true}
2026-04-12 10:36:09,024 INFO {"event": "request_start", "request_id": "d26d4086ba", "path": "/api/research", "draft_tag": "Intervention shifts focus from peer conflict preparedness", "has_article_text": false, "source_url": "", "semantic_search_enabled": true}
2026-04-12 10:36:10,705 INFO {"event": "request_start", "request_id": "41bb5864dd", "path": "/api/research", "draft_tag": "Non-intervention avoids asymmetric warfare traps", "has_article_text": false, "source_url": "", "semantic_search_enabled": true}
2026-04-12 10:36:16,695 INFO {"event": "request_start", "request_id": "382aba8804", "path": "/api/research", "draft_tag": "Intervention weakens conventional deterrence posture", "has_article_text": false, "source_url": "", "semantic_search_enabled": true}
2026-04-12 10:36:32,103 INFO {"event": "request_success", "request_id": "41bb5864dd", "path": "/api/research", "selected_title": "Using \"non-\" to prefix a two-word phrase - English Language & Usage ...", "source_count": 8}
2026-04-12 10:36:32,116 INFO {"event": "request_start", "request_id": "6e325e74da", "path": "/api/cut", "draft_tag": "Non-intervention avoids asymmetric warfare traps", "has_article_text": false, "source_url": "", "semantic_search_enabled": true}
2026-04-12 10:36:44,777 INFO {"event": "request_success", "request_id": "d26d4086ba", "path": "/api/research", "selected_title": "Find Intervention Therapists and Psychologists in Olympia, WA - Psychology Today", "source_count": 8}
2026-04-12 10:36:44,792 INFO {"event": "request_start", "request_id": "20f2e8602d", "path": "/api/cut", "draft_tag": "Intervention shifts focus from peer conflict preparedness", "has_article_text": false, "source_url": "", "semantic_search_enabled": true}
2026-04-12 10:36:56,904 INFO {"event": "request_start", "request_id": "e82c6cc1c5", "path": "/api/research", "draft_tag": "Non-intervention prevents strategic overextension collapse", "has_article_text": false, "source_url": "", "semantic_search_enabled": true}
2026-04-12 10:37:12,534 INFO {"event": "request_success", "request_id": "382aba8804", "path": "/api/research", "selected_title": "Find Intervention Therapists and Psychologists in Olympia, WA - Psychology Today", "source_count": 8}
2026-04-12 10:37:12,548 INFO {"event": "request_start", "request_id": "0e79e99350", "path": "/api/cut", "draft_tag": "Intervention weakens conventional deterrence posture", "has_article_text": false, "source_url": "", "semantic_search_enabled": true}
2026-04-12 10:37:19,004 INFO {"event": "request_success", "request_id": "e82c6cc1c5", "path": "/api/research", "selected_title": "Artemis II splashdown as historic NASA moon mission ends", "source_count": 8}
2026-04-12 10:37:19,021 INFO {"event": "request_start", "request_id": "c941441db1", "path": "/api/cut", "draft_tag": "Non-intervention prevents strategic overextension collapse", "has_article_text": false, "source_url": "", "semantic_search_enabled": true}
2026-04-12 10:44:42,548 INFO {"event": "request_start", "request_id": "a0e49c7e02", "path": "/api/research", "draft_tag": "Non-intervention preserves military deterrence credibility", "has_article_text": false, "source_url": "", "semantic_search_enabled": true}
2026-04-12 10:44:42,550 INFO {"event": "request_start", "request_id": "661188a3b4", "path": "/api/research", "draft_tag": "Intervention overstretches force readiness and logistics", "has_article_text": false, "source_url": "", "semantic_search_enabled": true}
2026-04-12 10:44:42,551 INFO {"event": "request_start", "request_id": "12735f7432", "path": "/api/research", "draft_tag": "Intervention degrades troop morale and retention", "has_article_text": false, "source_url": "", "semantic_search_enabled": true}
2026-04-12 10:45:06,690 INFO {"event": "request_success", "request_id": "661188a3b4", "path": "/api/research", "selected_title": "Crisis Services | Olympic Health & Recovery Services", "source_count": 1}
2026-04-12 10:45:12,184 INFO {"event": "request_success", "request_id": "12735f7432", "path": "/api/research", "selected_title": "Will the Military Draft Come Back? | Military.com", "source_count": 8}
2026-04-12 10:45:46,221 INFO {"event": "request_start", "request_id": "02f7480419", "path": "/api/cut", "draft_tag": "Intervention overstretches force readiness and logistics", "has_article_text": false, "source_url": "", "semantic_search_enabled": true}
2026-04-12 10:45:46,222 INFO {"event": "request_start", "request_id": "c2cb3d1a37", "path": "/api/cut", "draft_tag": "Intervention degrades troop morale and retention", "has_article_text": false, "source_url": "", "semantic_search_enabled": true}
2026-04-12 10:45:46,322 INFO {"event": "request_start", "request_id": "65f32537fc", "path": "/api/research", "draft_tag": "Non-intervention prevents mission creep expansion", "has_article_text": false, "source_url": "", "semantic_search_enabled": true}
2026-04-12 10:45:52,595 INFO {"event": "request_start", "request_id": "9b211a94c9", "path": "/api/research", "draft_tag": "Intervention creates unwinnable political objectives", "has_article_text": false, "source_url": "", "semantic_search_enabled": true}
2026-04-12 10:46:07,494 INFO {"event": "request_start", "request_id": "786d48cc30", "path": "/api/research", "draft_tag": "Non-intervention preserves force modernization capacity", "has_article_text": false, "source_url": "", "semantic_search_enabled": true}
2026-04-12 10:46:12,960 INFO {"event": "request_start", "request_id": "dba7444e13", "path": "/api/research", "draft_tag": "Intervention shifts focus from peer conflict preparedness", "has_article_text": false, "source_url": "", "semantic_search_enabled": true}
2026-04-12 10:46:15,714 INFO {"event": "request_start", "request_id": "54e53b9dcd", "path": "/api/research", "draft_tag": "Non-intervention avoids asymmetric warfare traps", "has_article_text": false, "source_url": "", "semantic_search_enabled": true}
2026-04-12 10:46:27,531 INFO {"event": "request_start", "request_id": "a73b219bdf", "path": "/api/research", "draft_tag": "Intervention weakens conventional deterrence posture", "has_article_text": false, "source_url": "", "semantic_search_enabled": true}
2026-04-12 10:46:32,075 INFO {"event": "request_success", "request_id": "dba7444e13", "path": "/api/research", "selected_title": "Watch Intervention | Prime Video", "source_count": 2}
2026-04-12 10:46:32,103 INFO {"event": "request_start", "request_id": "b52e35546f", "path": "/api/cut", "draft_tag": "Intervention shifts focus from peer conflict preparedness", "has_article_text": false, "source_url": "", "semantic_search_enabled": true}
2026-04-12 10:46:34,543 INFO {"event": "request_start", "request_id": "fb0250738f", "path": "/api/research", "draft_tag": "Non-intervention prevents strategic overextension collapse", "has_article_text": false, "source_url": "", "semantic_search_enabled": true}
2026-04-12 10:57:21,204 INFO {"event": "request_start", "request_id": "b2c2293e2e", "path": "/api/research", "draft_tag": "Intervention overstretches force readiness and logistics", "has_article_text": false, "source_url": "", "semantic_search_enabled": true}
2026-04-12 10:57:21,208 INFO {"event": "request_start", "request_id": "b00dd5294b", "path": "/api/research", "draft_tag": "Non-intervention preserves military deterrence credibility", "has_article_text": false, "source_url": "", "semantic_search_enabled": true}
2026-04-12 10:57:21,211 INFO {"event": "request_start", "request_id": "be6036b1cb", "path": "/api/research", "draft_tag": "Intervention degrades troop morale and retention", "has_article_text": false, "source_url": "", "semantic_search_enabled": true}
2026-04-12 10:57:53,812 INFO {"event": "request_success", "request_id": "be6036b1cb", "path": "/api/research", "selected_title": "Find Intervention Therapists and Psychologists in Olympia, WA - Psychology Today", "source_count": 8}
2026-04-12 10:57:55,474 INFO {"event": "request_success", "request_id": "b2c2293e2e", "path": "/api/research", "selected_title": "Find Intervention Therapists and Psychologists in Olympia, WA - Psychology Today", "source_count": 16}
2026-04-12 10:58:19,795 INFO {"event": "request_success", "request_id": "b00dd5294b", "path": "/api/research", "selected_title": "The Best Lawn Mowers of 2026: Top Models, Tested and Ranked", "source_count": 24}
2026-04-12 10:59:05,403 INFO {"event": "request_start", "request_id": "7a917b70f1", "path": "/api/cut", "draft_tag": "Intervention degrades troop morale and retention", "has_article_text": false, "source_url": "", "semantic_search_enabled": true}
2026-04-12 10:59:05,404 INFO {"event": "request_start", "request_id": "73bd6dac2f", "path": "/api/cut", "draft_tag": "Intervention overstretches force readiness and logistics", "has_article_text": false, "source_url": "", "semantic_search_enabled": true}
2026-04-12 10:59:05,405 INFO {"event": "request_start", "request_id": "43f1836c74", "path": "/api/cut", "draft_tag": "Non-intervention preserves military deterrence credibility", "has_article_text": false, "source_url": "", "semantic_search_enabled": true}
2026-04-12 11:00:23,781 INFO {"event": "request_start", "request_id": "9d8b61b5f5", "path": "/api/research", "draft_tag": "Non-intervention prevents mission creep expansion", "has_article_text": false, "source_url": "", "semantic_search_enabled": true}
2026-04-12 11:00:23,947 INFO {"event": "request_start", "request_id": "518d83cd1c", "path": "/api/research", "draft_tag": "Intervention creates unwinnable political objectives", "has_article_text": false, "source_url": "", "semantic_search_enabled": true}
2026-04-12 11:00:58,570 INFO {"event": "request_success", "request_id": "518d83cd1c", "path": "/api/research", "selected_title": "Find Intervention Therapists and Psychologists in Olympia, WA - Psychology Today", "source_count": 8}
2026-04-12 11:00:58,602 INFO {"event": "request_start", "request_id": "5f80b59b31", "path": "/api/cut", "draft_tag": "Intervention creates unwinnable political objectives", "has_article_text": false, "source_url": "", "semantic_search_enabled": true}
2026-04-12 11:01:04,032 INFO {"event": "request_success", "request_id": "9d8b61b5f5", "path": "/api/research", "selected_title": "Burger King, 55 E Silverado Ranch Blvd, Las Vegas, NV 89183, US - MapQuest", "source_count": 23}
2026-04-12 11:01:04,071 INFO {"event": "request_start", "request_id": "2e519e0c5a", "path": "/api/cut", "draft_tag": "Non-intervention prevents mission creep expansion", "has_article_text": false, "source_url": "", "semantic_search_enabled": true}
2026-04-12 11:02:25,756 INFO {"event": "request_start", "request_id": "0e25514ffb", "path": "/api/research", "draft_tag": "Non-intervention preserves force modernization capacity", "has_article_text": false, "source_url": "", "semantic_search_enabled": true}
2026-04-12 11:02:35,770 INFO {"event": "request_start", "request_id": "ab4dbef851", "path": "/api/research", "draft_tag": "Intervention shifts focus from peer conflict preparedness", "has_article_text": false, "source_url": "", "semantic_search_enabled": true}
2026-04-12 11:02:50,827 INFO {"event": "request_success", "request_id": "0e25514ffb", "path": "/api/research", "selected_title": "\u00d1ejo - Wikipedia, la enciclopedia libre", "source_count": 9}
2026-04-12 11:02:50,863 INFO {"event": "request_start", "request_id": "6925e1fc38", "path": "/api/cut", "draft_tag": "Non-intervention preserves force modernization capacity", "has_article_text": false, "source_url": "", "semantic_search_enabled": true}
2026-04-12 11:02:59,238 INFO {"event": "request_success", "request_id": "ab4dbef851", "path": "/api/research", "selected_title": "Find Intervention Therapists and Psychologists in Olympia, WA - Psychology Today", "source_count": 9}
2026-04-12 11:02:59,256 INFO {"event": "request_start", "request_id": "b30bda68f9", "path": "/api/cut", "draft_tag": "Intervention shifts focus from peer conflict preparedness", "has_article_text": false, "source_url": "", "semantic_search_enabled": true}
2026-04-12 11:06:29,567 INFO {"event": "request_start", "request_id": "13798cd96d", "path": "/api/research", "draft_tag": "Non-intervention avoids asymmetric warfare traps", "has_article_text": false, "source_url": "", "semantic_search_enabled": true}
2026-04-12 11:06:29,571 INFO {"event": "request_start", "request_id": "ed21162101", "path": "/api/research", "draft_tag": "Intervention weakens conventional deterrence posture", "has_article_text": false, "source_url": "", "semantic_search_enabled": true}
2026-04-12 11:06:29,572 INFO {"event": "request_start", "request_id": "4d6b06e57d", "path": "/api/research", "draft_tag": "Non-intervention prevents strategic overextension collapse", "has_article_text": false, "source_url": "", "semantic_search_enabled": true}
2026-04-12 11:06:45,723 INFO {"event": "request_start", "request_id": "20a8910bcf", "path": "/api/research", "draft_tag": "Intervention overstretches force readiness and logistics", "has_article_text": false, "source_url": "", "semantic_search_enabled": true}
2026-04-12 11:06:45,757 INFO {"event": "request_start", "request_id": "33b6d2e3e7", "path": "/api/research", "draft_tag": "Non-intervention preserves military deterrence credibility", "has_article_text": false, "source_url": "", "semantic_search_enabled": true}
2026-04-12 11:06:45,758 INFO {"event": "request_start", "request_id": "31bdd67ada", "path": "/api/research", "draft_tag": "Intervention degrades troop morale and retention", "has_article_text": false, "source_url": "", "semantic_search_enabled": true}
2026-04-12 11:06:57,929 INFO {"event": "request_success", "request_id": "13798cd96d", "path": "/api/research", "selected_title": "\u200eThe Home Depot App - App Store", "source_count": 9}
2026-04-12 11:06:57,932 WARNING {"event": "response_write_failed", "status": 200, "payload_keys": ["ok", "request_id", "research"]}
2026-04-12 11:07:08,279 INFO {"event": "request_success", "request_id": "4d6b06e57d", "path": "/api/research", "selected_title": "Microsoft - Wikipedia", "source_count": 15}
2026-04-12 11:07:08,318 WARNING {"event": "response_write_failed", "status": 200, "payload_keys": ["ok", "request_id", "research"]}
2026-04-12 11:07:16,148 INFO {"event": "request_success", "request_id": "31bdd67ada", "path": "/api/research", "selected_title": "Will the Military Draft Come Back? | Military.com", "source_count": 15}
2026-04-12 11:07:16,172 INFO {"event": "request_start", "request_id": "5d6937b86c", "path": "/api/cut", "draft_tag": "Intervention degrades troop morale and retention", "has_article_text": false, "source_url": "", "semantic_search_enabled": true}
2026-04-12 11:07:18,843 INFO {"event": "request_success", "request_id": "33b6d2e3e7", "path": "/api/research", "selected_title": "Las Cruces Today - Keeping Cruces Connected", "source_count": 15}
2026-04-12 11:07:18,855 INFO {"event": "request_start", "request_id": "b91458c7fd", "path": "/api/cut", "draft_tag": "Non-intervention preserves military deterrence credibility", "has_article_text": false, "source_url": "", "semantic_search_enabled": true}
2026-04-12 11:07:23,215 INFO {"event": "request_success", "request_id": "ed21162101", "path": "/api/research", "selected_title": "Find Intervention Therapists and Psychologists in Olympia, WA - Psychology Today", "source_count": 16}
2026-04-12 11:07:23,217 WARNING {"event": "response_write_failed", "status": 200, "payload_keys": ["ok", "request_id", "research"]}
2026-04-12 11:07:26,422 INFO {"event": "request_success", "request_id": "20a8910bcf", "path": "/api/research", "selected_title": "Find Intervention Therapists and Psychologists in Olympia, WA - Psychology Today", "source_count": 16}
2026-04-12 11:07:26,440 INFO {"event": "request_start", "request_id": "db12fd9563", "path": "/api/cut", "draft_tag": "Intervention overstretches force readiness and logistics", "has_article_text": false, "source_url": "", "semantic_search_enabled": true}
2026-04-12 11:08:00,773 INFO {"event": "request_start", "request_id": "27ad2a90f6", "path": "/api/research", "draft_tag": "Non-intervention prevents mission creep expansion", "has_article_text": false, "source_url": "", "semantic_search_enabled": true}
2026-04-12 11:09:03,451 INFO {"event": "request_success", "request_id": "27ad2a90f6", "path": "/api/research", "selected_title": "Toyotas that do not have CVT transmission... | Toyota Forum", "source_count": 23}
2026-04-12 11:09:03,475 INFO {"event": "request_start", "request_id": "882fd700fd", "path": "/api/cut", "draft_tag": "Non-intervention prevents mission creep expansion", "has_article_text": false, "source_url": "", "semantic_search_enabled": true}
2026-04-12 11:18:11,379 INFO {"event": "request_start", "request_id": "712099215e", "path": "/api/research", "draft_tag": "Intervention creates unwinnable political objectives", "has_article_text": false, "source_url": "", "semantic_search_enabled": true}
2026-04-12 11:18:11,382 INFO {"event": "request_start", "request_id": "96f3b0078b", "path": "/api/research", "draft_tag": "Non-intervention preserves force modernization capacity", "has_article_text": false, "source_url": "", "semantic_search_enabled": true}
2026-04-12 11:18:11,466 INFO {"event": "request_start", "request_id": "1475ca814c", "path": "/api/research", "draft_tag": "Intervention shifts focus from peer conflict preparedness", "has_article_text": false, "source_url": "", "semantic_search_enabled": true}
2026-04-12 11:18:35,295 INFO {"event": "request_start", "request_id": "043bbeb907", "path": "/api/research", "draft_tag": "Intervention overstretches force readiness and logistics", "has_article_text": false, "source_url": "", "semantic_search_enabled": true}
2026-04-12 11:18:35,324 INFO {"event": "request_start", "request_id": "081b201e1c", "path": "/api/research", "draft_tag": "Non-intervention preserves military deterrence credibility", "has_article_text": false, "source_url": "", "semantic_search_enabled": true}
2026-04-12 11:18:35,346 INFO {"event": "request_start", "request_id": "ad37ce4a6a", "path": "/api/research", "draft_tag": "Intervention degrades troop morale and retention", "has_article_text": false, "source_url": "", "semantic_search_enabled": true}
2026-04-12 11:18:55,983 INFO {"event": "request_success", "request_id": "96f3b0078b", "path": "/api/research", "selected_title": "Preserve - Definition, Meaning & Synonyms | Vocabulary.com", "source_count": 15}
2026-04-12 11:18:55,984 WARNING {"event": "response_write_failed", "status": 200, "payload_keys": ["ok", "request_id", "research"]}
2026-04-12 11:18:56,449 INFO {"event": "request_success", "request_id": "1475ca814c", "path": "/api/research", "selected_title": "Find Intervention Therapists and Psychologists in Olympia, WA - Psychology Today", "source_count": 15}
2026-04-12 11:18:56,451 WARNING {"event": "response_write_failed", "status": 200, "payload_keys": ["ok", "request_id", "research"]}
2026-04-12 11:18:56,721 INFO {"event": "request_success", "request_id": "712099215e", "path": "/api/research", "selected_title": "Find Intervention Therapists and Psychologists in Olympia, WA - Psychology Today", "source_count": 15}
2026-04-12 11:18:56,722 WARNING {"event": "response_write_failed", "status": 200, "payload_keys": ["ok", "request_id", "research"]}
2026-04-12 11:19:04,008 INFO {"event": "request_success", "request_id": "ad37ce4a6a", "path": "/api/research", "selected_title": "Will the Military Draft Come Back? | Military.com", "source_count": 15}
2026-04-12 11:19:04,043 INFO {"event": "request_start", "request_id": "0198305d59", "path": "/api/cut", "draft_tag": "Intervention degrades troop morale and retention", "has_article_text": false, "source_url": "", "semantic_search_enabled": true}
2026-04-12 11:19:05,478 INFO {"event": "request_success", "request_id": "043bbeb907", "path": "/api/research", "selected_title": "Force - Wikipedia", "source_count": 16}
2026-04-12 11:19:05,495 INFO {"event": "request_start", "request_id": "a0d748ee7d", "path": "/api/cut", "draft_tag": "Intervention overstretches force readiness and logistics", "has_article_text": false, "source_url": "", "semantic_search_enabled": true}
2026-04-12 11:19:06,761 INFO {"event": "request_success", "request_id": "081b201e1c", "path": "/api/research", "selected_title": "\u30b9\u30dd\u30fc\u30c4\u30ca\u30d3", "source_count": 19}
2026-04-12 11:19:06,835 INFO {"event": "request_start", "request_id": "4b8b21dac0", "path": "/api/cut", "draft_tag": "Non-intervention preserves military deterrence credibility", "has_article_text": false, "source_url": "", "semantic_search_enabled": true}
2026-04-12 11:21:18,723 INFO {"event": "request_start", "request_id": "c7eb07147e", "path": "/api/research", "draft_tag": "Non-intervention prevents mission creep expansion", "has_article_text": false, "source_url": "", "semantic_search_enabled": true}
2026-04-12 11:21:18,725 INFO {"event": "request_start", "request_id": "387a0c85e9", "path": "/api/research", "draft_tag": "Intervention creates unwinnable political objectives", "has_article_text": false, "source_url": "", "semantic_search_enabled": true}
2026-04-12 11:21:18,772 INFO {"event": "request_start", "request_id": "65d905b8a2", "path": "/api/research", "draft_tag": "Non-intervention preserves force modernization capacity", "has_article_text": false, "source_url": "", "semantic_search_enabled": true}
2026-04-12 11:21:43,650 INFO {"event": "request_success", "request_id": "387a0c85e9", "path": "/api/research", "selected_title": "Find Intervention Therapists and Psychologists in Olympia, WA - Psychology Today", "source_count": 8}
2026-04-12 11:21:52,820 INFO {"event": "request_success", "request_id": "c7eb07147e", "path": "/api/research", "selected_title": "Nipun Marya - iQOO  | LinkedIn", "source_count": 16}
2026-04-12 11:21:54,353 INFO {"event": "request_success", "request_id": "65d905b8a2", "path": "/api/research", "selected_title": "Pink Floyd - Wikipedia", "source_count": 16}
2026-04-12 11:26:55,020 INFO {"event": "request_start", "request_id": "b47c226450", "path": "/api/cut", "draft_tag": "Intervention creates unwinnable political objectives", "has_article_text": false, "source_url": "", "semantic_search_enabled": true}
2026-04-12 11:26:55,020 INFO {"event": "request_start", "request_id": "1cec989363", "path": "/api/cut", "draft_tag": "Non-intervention prevents mission creep expansion", "has_article_text": false, "source_url": "", "semantic_search_enabled": true}
2026-04-12 11:26:55,077 INFO {"event": "request_start", "request_id": "cd74c19862", "path": "/api/cut", "draft_tag": "Non-intervention preserves force modernization capacity", "has_article_text": false, "source_url": "", "semantic_search_enabled": true}
2026-04-12 11:31:05,933 INFO {"event": "request_start", "request_id": "8f613e9222", "path": "/api/research", "draft_tag": "Intervention shifts focus from peer conflict preparedness", "has_article_text": false, "source_url": "", "semantic_search_enabled": true}
2026-04-12 11:31:05,934 INFO {"event": "request_start", "request_id": "acea235677", "path": "/api/research", "draft_tag": "Non-intervention avoids asymmetric warfare traps", "has_article_text": false, "source_url": "", "semantic_search_enabled": true}
2026-04-12 11:31:05,934 INFO {"event": "request_start", "request_id": "e40db09e63", "path": "/api/research", "draft_tag": "Intervention weakens conventional deterrence posture", "has_article_text": false, "source_url": "", "semantic_search_enabled": true}
2026-04-12 11:45:42,619 INFO {"event": "request_start", "request_id": "e3068d5d05", "path": "/api/research", "draft_tag": "Intervention overstretches force readiness and logistics", "has_article_text": false, "source_url": "", "semantic_search_enabled": true}
2026-04-12 11:45:42,622 INFO {"event": "request_start", "request_id": "8c1e823a4c", "path": "/api/research", "draft_tag": "Non-intervention preserves military deterrence credibility", "has_article_text": false, "source_url": "", "semantic_search_enabled": true}
2026-04-12 11:45:42,625 INFO {"event": "request_start", "request_id": "49dba9bc26", "path": "/api/research", "draft_tag": "Intervention degrades troop morale and retention", "has_article_text": false, "source_url": "", "semantic_search_enabled": true}
2026-04-12 11:46:19,337 INFO {"event": "request_success", "request_id": "8c1e823a4c", "path": "/api/research", "selected_title": "Your request has been blocked. This could be\r\n                        due to several reasons.", "source_count": 2}
2026-04-12 11:46:19,371 INFO {"event": "request_start", "request_id": "31c1c4ab8f", "path": "/api/cut", "draft_tag": "Non-intervention preserves military deterrence credibility", "has_article_text": false, "source_url": "", "semantic_search_enabled": true}
2026-04-12 11:46:24,690 INFO {"event": "request_success", "request_id": "49dba9bc26", "path": "/api/research", "selected_title": "Will the Military Draft Come Back? | Military.com", "source_count": 1}
2026-04-12 11:46:24,714 INFO {"event": "request_start", "request_id": "bf298ecca4", "path": "/api/cut", "draft_tag": "Intervention degrades troop morale and retention", "has_article_text": false, "source_url": "", "semantic_search_enabled": true}
2026-04-12 11:46:25,473 INFO {"event": "request_success", "request_id": "e3068d5d05", "path": "/api/research", "selected_title": "Types of Forces", "source_count": 5}
2026-04-12 11:46:25,501 INFO {"event": "request_start", "request_id": "7566db9456", "path": "/api/cut", "draft_tag": "Intervention overstretches force readiness and logistics", "has_article_text": false, "source_url": "", "semantic_search_enabled": true}
2026-04-12 11:46:30,404 INFO {"event": "request_start", "request_id": "58e386ac72", "path": "/api/research", "draft_tag": "Non-intervention prevents mission creep expansion", "has_article_text": false, "source_url": "", "semantic_search_enabled": true}
2026-04-12 11:46:50,405 INFO {"event": "request_start", "request_id": "98f3771b19", "path": "/api/research", "draft_tag": "Intervention creates unwinnable political objectives", "has_article_text": false, "source_url": "", "semantic_search_enabled": true}
2026-04-12 11:47:06,768 INFO {"event": "request_start", "request_id": "77a9b3b757", "path": "/api/research", "draft_tag": "Non-intervention preserves force modernization capacity", "has_article_text": false, "source_url": "", "semantic_search_enabled": true}
2026-04-12 11:47:26,237 INFO {"event": "request_start", "request_id": "9851e0c109", "path": "/api/research", "draft_tag": "Intervention shifts focus from peer conflict preparedness", "has_article_text": false, "source_url": "", "semantic_search_enabled": true}
2026-04-12 11:47:30,828 INFO {"event": "request_start", "request_id": "ac0ab98bad", "path": "/api/research", "draft_tag": "Non-intervention avoids asymmetric warfare traps", "has_article_text": false, "source_url": "", "semantic_search_enabled": true}
2026-04-12 11:47:34,449 INFO {"event": "request_success", "request_id": "98f3771b19", "path": "/api/research", "selected_title": "political\u662f\u4ec0\u4e48\u610f\u601d_political\u7684\u7ffb\u8bd1_\u97f3\u6807_\u8bfb\u97f3_\u7528\u6cd5_\u4f8b\u53e5_\u7231\u8bcd\u9738\u5728\u7ebf\u8bcd\u5178", "source_count": 1}
2026-04-12 11:47:34,504 INFO {"event": "request_start", "request_id": "db937b4cbf", "path": "/api/cut", "draft_tag": "Intervention creates unwinnable political objectives", "has_article_text": false, "source_url": "", "semantic_search_enabled": true}
2026-04-12 11:47:46,303 INFO {"event": "request_success", "request_id": "9851e0c109", "path": "/api/research", "selected_title": "Crisis Services | Olympic Health & Recovery Services", "source_count": 9}
2026-04-12 11:47:46,332 INFO {"event": "request_start", "request_id": "0e09f27da6", "path": "/api/cut", "draft_tag": "Intervention shifts focus from peer conflict preparedness", "has_article_text": false, "source_url": "", "semantic_search_enabled": true}
2026-04-12 11:47:47,296 INFO {"event": "request_start", "request_id": "3c48dd4379", "path": "/api/research", "draft_tag": "Intervention weakens conventional deterrence posture", "has_article_text": false, "source_url": "", "semantic_search_enabled": true}
2026-04-12 11:48:09,302 INFO {"event": "request_success", "request_id": "3c48dd4379", "path": "/api/research", "selected_title": "Crisis Services | Olympic Health & Recovery Services", "source_count": 9}
2026-04-12 11:48:09,327 INFO {"event": "request_start", "request_id": "5ab98e9887", "path": "/api/cut", "draft_tag": "Intervention weakens conventional deterrence posture", "has_article_text": false, "source_url": "", "semantic_search_enabled": true}
2026-04-12 11:49:02,140 INFO {"event": "request_start", "request_id": "2bc0dfc742", "path": "/api/research", "draft_tag": "Non-intervention prevents strategic overextension collapse", "has_article_text": false, "source_url": "", "semantic_search_enabled": true}
2026-04-12 13:30:22,319 INFO {"event": "request_start", "request_id": "86b1dee474", "path": "/api/research", "draft_tag": "Intervention overstretches force readiness and logistics", "has_article_text": false, "source_url": "", "semantic_search_enabled": true}
2026-04-12 13:30:22,320 INFO {"event": "request_start", "request_id": "8a9592d8f2", "path": "/api/research", "draft_tag": "Intervention degrades troop morale and retention", "has_article_text": false, "source_url": "", "semantic_search_enabled": true}
2026-04-12 13:30:22,321 INFO {"event": "request_start", "request_id": "df3175229f", "path": "/api/research", "draft_tag": "Non-intervention preserves military deterrence credibility", "has_article_text": false, "source_url": "", "semantic_search_enabled": true}
2026-04-12 13:30:44,678 INFO {"event": "request_success", "request_id": "8a9592d8f2", "path": "/api/research", "selected_title": "Intervention | Official Series Playlist | A&E - YouTube", "source_count": 1}
2026-04-12 13:30:44,728 INFO {"event": "request_start", "request_id": "52308d3a21", "path": "/api/cut", "draft_tag": "Intervention degrades troop morale and retention", "has_article_text": false, "source_url": "", "semantic_search_enabled": true}
2026-04-12 13:30:48,644 INFO {"event": "request_success", "request_id": "86b1dee474", "path": "/api/research", "selected_title": "doi.org", "source_count": 12}
2026-04-12 13:30:48,687 INFO {"event": "request_start", "request_id": "3126bd273d", "path": "/api/cut", "draft_tag": "Intervention overstretches force readiness and logistics", "has_article_text": false, "source_url": "", "semantic_search_enabled": true}
2026-04-12 13:30:52,661 INFO {"event": "request_success", "request_id": "df3175229f", "path": "/api/research", "selected_title": "On This Day \u2013 Today in History: Events & Famous Birthdays", "source_count": 8}
2026-04-12 13:30:52,689 INFO {"event": "request_start", "request_id": "990c8657bd", "path": "/api/cut", "draft_tag": "Non-intervention preserves military deterrence credibility", "has_article_text": false, "source_url": "", "semantic_search_enabled": true}
2026-04-12 13:31:49,856 INFO {"event": "request_start", "request_id": "bc4d2b1553", "path": "/api/research", "draft_tag": "Non-intervention prevents mission creep expansion", "has_article_text": false, "source_url": "", "semantic_search_enabled": true}
2026-04-12 13:31:49,893 INFO {"event": "request_start", "request_id": "c76ee658ea", "path": "/api/research", "draft_tag": "Intervention creates unwinnable political objectives", "has_article_text": false, "source_url": "", "semantic_search_enabled": true}
2026-04-12 13:32:09,288 INFO {"event": "request_success", "request_id": "c76ee658ea", "path": "/api/research", "selected_title": "Intervention | Official Series Playlist | A&E - YouTube", "source_count": 1}
2026-04-12 13:32:09,298 INFO {"event": "request_start", "request_id": "e3f76e32de", "path": "/api/cut", "draft_tag": "Intervention creates unwinnable political objectives", "has_article_text": false, "source_url": "", "semantic_search_enabled": true}
2026-04-12 13:32:09,622 INFO {"event": "request_start", "request_id": "60dc9e0ceb", "path": "/api/research", "draft_tag": "Non-intervention preserves force modernization capacity", "has_article_text": false, "source_url": "", "semantic_search_enabled": true}
2026-04-12 13:32:37,876 INFO {"event": "request_success", "request_id": "60dc9e0ceb", "path": "/api/research", "selected_title": "DarkMatter Official Onion Mirror Links - Secure Darknet Access", "source_count": 2}
2026-04-12 13:32:37,896 INFO {"event": "request_start", "request_id": "b51870a3e6", "path": "/api/cut", "draft_tag": "Non-intervention preserves force modernization capacity", "has_article_text": false, "source_url": "", "semantic_search_enabled": true}
2026-04-12 13:32:49,434 INFO {"event": "request_start", "request_id": "16829516e2", "path": "/api/research", "draft_tag": "Intervention shifts focus from peer conflict preparedness", "has_article_text": false, "source_url": "", "semantic_search_enabled": true}
2026-04-12 13:33:28,912 INFO {"event": "request_success", "request_id": "16829516e2", "path": "/api/research", "selected_title": "Intervention | Official Series Playlist | A&E - YouTube", "source_count": 2}
2026-04-12 13:33:28,928 INFO {"event": "request_start", "request_id": "06d6c2d09d", "path": "/api/cut", "draft_tag": "Intervention shifts focus from peer conflict preparedness", "has_article_text": false, "source_url": "", "semantic_search_enabled": true}
2026-04-12 13:34:37,202 INFO {"event": "request_start", "request_id": "3e6c762324", "path": "/api/research", "draft_tag": "Non-intervention avoids asymmetric warfare traps", "has_article_text": false, "source_url": "", "semantic_search_enabled": true}
2026-04-12 13:35:27,304 INFO {"event": "request_success", "request_id": "3e6c762324", "path": "/api/research", "selected_title": "Home | BMC Medicine | Springer Nature Link", "source_count": 6}
2026-04-12 13:35:27,336 INFO {"event": "request_start", "request_id": "052d00d17c", "path": "/api/cut", "draft_tag": "Non-intervention avoids asymmetric warfare traps", "has_article_text": false, "source_url": "", "semantic_search_enabled": true}
2026-04-12 13:35:40,901 INFO {"event": "request_start", "request_id": "c4c73a20c7", "path": "/api/research", "draft_tag": "Intervention weakens conventional deterrence posture", "has_article_text": false, "source_url": "", "semantic_search_enabled": true}
2026-04-12 13:35:50,815 INFO {"event": "request_start", "request_id": "380dfaf19f", "path": "/api/research", "draft_tag": "Non-intervention prevents strategic overextension collapse", "has_article_text": false, "source_url": "", "semantic_search_enabled": true}
2026-04-12 13:36:11,001 INFO {"event": "request_success", "request_id": "c4c73a20c7", "path": "/api/research", "selected_title": "Stocks, Bonds, Crypto & Options AI Investing App - Public.com", "source_count": 4}
2026-04-12 13:36:11,027 INFO {"event": "request_start", "request_id": "de91f8ade7", "path": "/api/cut", "draft_tag": "Intervention weakens conventional deterrence posture", "has_article_text": false, "source_url": "", "semantic_search_enabled": true}
2026-04-12 13:36:21,704 INFO {"event": "request_success", "request_id": "380dfaf19f", "path": "/api/research", "selected_title": "Home | BMC Medicine | Springer Nature Link", "source_count": 1}
2026-04-12 13:36:21,726 INFO {"event": "request_start", "request_id": "a8452a375f", "path": "/api/cut", "draft_tag": "Non-intervention prevents strategic overextension collapse", "has_article_text": false, "source_url": "", "semantic_search_enabled": true}
