2026-04-12 13:36:30,607 INFO {"event": "search_provider_results", "provider": "bing", "query": "site:doi.org impact of intervention on conventional deterrence -definition -summary -news -opinion", "result_count": 6}
2026-04-12 13:36:30,618 INFO {"event": "search_provider_skipped", "provider": "duckduckgo", "query": "site:arxiv.org impact of intervention on conventional deterrence -definition -summary -news -opinion", "disabled_for_seconds": 247.97}
2026-04-12 13:36:30,714 INFO {"event": "search_provider_results", "provider": "bing", "query": "site:tandfonline.com journal articles on non-intervention and strategic overextension collapse -definition -summary -news", "result_count": 6}
2026-04-12 13:36:30,714 INFO {"event": "search_provider_skipped", "provider": "duckduckgo", "query": "site:sagepub.com journal articles on non-intervention and strategic overextension collapse -definition -summary -news", "disabled_for_seconds": 247.87}
2026-04-12 13:36:30,837 INFO {"event": "search_provider_results", "provider": "bing", "query": "site:arxiv.org impact of intervention on conventional deterrence -definition -summary -news -opinion", "result_count": 6}
2026-04-12 13:36:30,838 INFO {"event": "search_provider_skipped", "provider": "duckduckgo", "query": "site:pubmed.ncbi.nlm.nih.gov impact of intervention on conventional deterrence -definition -summary -news -opinion", "disabled_for_seconds": 247.75}
2026-04-12 13:36:31,007 INFO {"event": "search_provider_results", "provider": "bing", "query": "site:sagepub.com journal articles on non-intervention and strategic overextension collapse -definition -summary -news", "result_count": 6}
2026-04-12 13:36:31,008 INFO {"event": "search_provider_skipped", "provider": "duckduckgo", "query": "site:jstor.org journal articles on non-intervention and strategic overextension collapse -definition -summary -news", "disabled_for_seconds": 247.58}
2026-04-12 13:36:31,072 INFO {"event": "search_provider_results", "provider": "bing", "query": "site:pubmed.ncbi.nlm.nih.gov impact of intervention on conventional deterrence -definition -summary -news -opinion", "result_count": 6}
2026-04-12 13:36:31,072 INFO {"event": "search_provider_skipped", "provider": "duckduckgo", "query": "site:nber.org impact of intervention on conventional deterrence -definition -summary -news -opinion", "disabled_for_seconds": 247.51}
2026-04-12 13:36:31,274 INFO {"event": "search_provider_results", "provider": "bing", "query": "site:jstor.org journal articles on non-intervention and strategic overextension collapse -definition -summary -news", "result_count": 6}
2026-04-12 13:36:31,275 INFO {"event": "search_provider_skipped", "provider": "duckduckgo", "query": "site:doi.org research on the consequences of non-intervention in overextension scenarios -definition -summary -news", "disabled_for_seconds": 247.31}
2026-04-12 13:36:31,334 INFO {"event": "search_provider_results", "provider": "bing", "query": "site:nber.org impact of intervention on conventional deterrence -definition -summary -news -opinion", "result_count": 6}
2026-04-12 13:36:31,335 INFO {"event": "search_provider_skipped", "provider": "duckduckgo", "query": "site:ssrn.com impact of intervention on conventional deterrence -definition -summary -news -opinion", "disabled_for_seconds": 247.25}
2026-04-12 13:36:31,531 INFO {"event": "search_provider_results", "provider": "bing", "query": "site:doi.org research on the consequences of non-intervention in overextension scenarios -definition -summary -news", "result_count": 6}
2026-04-12 13:36:31,532 INFO {"event": "search_provider_skipped", "provider": "duckduckgo", "query": "site:arxiv.org research on the consequences of non-intervention in overextension scenarios -definition -summary -news", "disabled_for_seconds": 247.05}
2026-04-12 13:36:31,577 INFO {"event": "search_provider_results", "provider": "bing", "query": "site:ssrn.com impact of intervention on conventional deterrence -definition -summary -news -opinion", "result_count": 6}
2026-04-12 13:36:31,578 INFO {"event": "search_provider_skipped", "provider": "duckduckgo", "query": "site:sciencedirect.com impact of intervention on conventional deterrence -definition -summary -news -opinion", "disabled_for_seconds": 247.01}
2026-04-12 13:36:31,791 INFO {"event": "search_provider_results", "provider": "bing", "query": "site:arxiv.org research on the consequences of non-intervention in overextension scenarios -definition -summary -news", "result_count": 6}
2026-04-12 13:36:31,791 INFO {"event": "search_provider_skipped", "provider": "duckduckgo", "query": "site:pubmed.ncbi.nlm.nih.gov research on the consequences of non-intervention in overextension scenarios -definition -summary -news", "disabled_for_seconds": 246.79}
2026-04-12 13:36:31,813 INFO {"event": "search_provider_results", "provider": "bing", "query": "site:sciencedirect.com impact of intervention on conventional deterrence -definition -summary -news -opinion", "result_count": 6}
2026-04-12 13:36:31,814 INFO {"event": "search_provider_skipped", "provider": "duckduckgo", "query": "site:springer.com impact of intervention on conventional deterrence -definition -summary -news -opinion", "disabled_for_seconds": 246.77}
2026-04-12 13:36:32,025 INFO {"event": "search_provider_results", "provider": "bing", "query": "site:pubmed.ncbi.nlm.nih.gov research on the consequences of non-intervention in overextension scenarios -definition -summary -news", "result_count": 6}
2026-04-12 13:36:32,026 INFO {"event": "search_provider_skipped", "provider": "duckduckgo", "query": "site:nber.org research on the consequences of non-intervention in overextension scenarios -definition -summary -news", "disabled_for_seconds": 246.56}
2026-04-12 13:36:32,072 INFO {"event": "search_provider_results", "provider": "bing", "query": "site:springer.com impact of intervention on conventional deterrence -definition -summary -news -opinion", "result_count": 6}
2026-04-12 13:36:32,073 INFO {"event": "search_provider_skipped", "provider": "duckduckgo", "query": "site:onlinelibrary.wiley.com impact of intervention on conventional deterrence -definition -summary -news -opinion", "disabled_for_seconds": 246.51}
2026-04-12 13:36:32,269 INFO {"event": "search_provider_results", "provider": "bing", "query": "site:nber.org research on the consequences of non-intervention in overextension scenarios -definition -summary -news", "result_count": 6}
2026-04-12 13:36:32,270 INFO {"event": "search_provider_skipped", "provider": "duckduckgo", "query": "site:ssrn.com research on the consequences of non-intervention in overextension scenarios -definition -summary -news", "disabled_for_seconds": 246.32}
2026-04-12 13:36:32,379 INFO {"event": "search_provider_results", "provider": "bing", "query": "site:onlinelibrary.wiley.com impact of intervention on conventional deterrence -definition -summary -news -opinion", "result_count": 6}
2026-04-12 13:36:32,380 INFO {"event": "search_provider_skipped", "provider": "duckduckgo", "query": "site:cambridge.org impact of intervention on conventional deterrence -definition -summary -news -opinion", "disabled_for_seconds": 246.2}
2026-04-12 13:36:32,548 INFO {"event": "search_provider_results", "provider": "bing", "query": "site:ssrn.com research on the consequences of non-intervention in overextension scenarios -definition -summary -news", "result_count": 6}
2026-04-12 13:36:32,549 INFO {"event": "search_provider_skipped", "provider": "duckduckgo", "query": "site:sciencedirect.com research on the consequences of non-intervention in overextension scenarios -definition -summary -news", "disabled_for_seconds": 246.04}
2026-04-12 13:36:32,627 INFO {"event": "search_provider_results", "provider": "bing", "query": "site:cambridge.org impact of intervention on conventional deterrence -definition -summary -news -opinion", "result_count": 6}
2026-04-12 13:36:32,628 INFO {"event": "search_provider_skipped", "provider": "duckduckgo", "query": "site:tandfonline.com impact of intervention on conventional deterrence -definition -summary -news -opinion", "disabled_for_seconds": 245.96}
2026-04-12 13:36:32,811 INFO {"event": "search_provider_results", "provider": "bing", "query": "site:sciencedirect.com research on the consequences of non-intervention in overextension scenarios -definition -summary -news", "result_count": 6}
2026-04-12 13:36:32,811 INFO {"event": "search_provider_skipped", "provider": "duckduckgo", "query": "site:springer.com research on the consequences of non-intervention in overextension scenarios -definition -summary -news", "disabled_for_seconds": 245.77}
2026-04-12 13:36:32,856 INFO {"event": "search_provider_results", "provider": "bing", "query": "site:tandfonline.com impact of intervention on conventional deterrence -definition -summary -news -opinion", "result_count": 6}
2026-04-12 13:36:32,857 INFO {"event": "search_provider_skipped", "provider": "duckduckgo", "query": "site:sagepub.com impact of intervention on conventional deterrence -definition -summary -news -opinion", "disabled_for_seconds": 245.73}
2026-04-12 13:36:33,024 INFO {"event": "search_provider_results", "provider": "bing", "query": "site:springer.com research on the consequences of non-intervention in overextension scenarios -definition -summary -news", "result_count": 6}
2026-04-12 13:36:33,024 INFO {"event": "search_provider_skipped", "provider": "duckduckgo", "query": "site:onlinelibrary.wiley.com research on the consequences of non-intervention in overextension scenarios -definition -summary -news", "disabled_for_seconds": 245.56}
2026-04-12 13:36:33,096 INFO {"event": "search_provider_results", "provider": "bing", "query": "site:sagepub.com impact of intervention on conventional deterrence -definition -summary -news -opinion", "result_count": 6}
2026-04-12 13:36:33,097 INFO {"event": "search_provider_skipped", "provider": "duckduckgo", "query": "site:jstor.org impact of intervention on conventional deterrence -definition -summary -news -opinion", "disabled_for_seconds": 245.49}
2026-04-12 13:36:33,174 INFO {"event": "research_complete", "request_id": "052d00d17c", "fetched": 6, "mixed_pool": 5, "selected_source_id": "S1", "selected_title": "Home | JOM | Springer Nature Link", "selected_url": "https://link.springer.com/journal/11837?error=cookies_not_supported&code=4ee64518-38b0-4f64-a7b4-6ae47d02c395", "selected_bucket": "academic"}
2026-04-12 13:36:33,276 INFO {"event": "search_provider_results", "provider": "bing", "query": "site:onlinelibrary.wiley.com research on the consequences of non-intervention in overextension scenarios -definition -summary -news", "result_count": 6}
2026-04-12 13:36:33,277 INFO {"event": "search_provider_skipped", "provider": "duckduckgo", "query": "site:cambridge.org research on the consequences of non-intervention in overextension scenarios -definition -summary -news", "disabled_for_seconds": 245.31}
2026-04-12 13:36:33,358 INFO {"event": "search_provider_results", "provider": "bing", "query": "site:jstor.org impact of intervention on conventional deterrence -definition -summary -news -opinion", "result_count": 6}
2026-04-12 13:36:33,359 INFO {"event": "search_provider_skipped", "provider": "duckduckgo", "query": "site:doi.org Does intervention weaken deterrence? -definition -summary -news -opinion", "disabled_for_seconds": 245.23}
2026-04-12 13:36:33,539 INFO {"event": "search_provider_results", "provider": "bing", "query": "site:cambridge.org research on the consequences of non-intervention in overextension scenarios -definition -summary -news", "result_count": 6}
2026-04-12 13:36:33,541 INFO {"event": "search_provider_skipped", "provider": "duckduckgo", "query": "site:tandfonline.com research on the consequences of non-intervention in overextension scenarios -definition -summary -news", "disabled_for_seconds": 245.04}
2026-04-12 13:36:33,620 INFO {"event": "search_provider_results", "provider": "bing", "query": "site:doi.org Does intervention weaken deterrence? -definition -summary -news -opinion", "result_count": 6}
2026-04-12 13:36:33,621 INFO {"event": "search_provider_skipped", "provider": "duckduckgo", "query": "site:arxiv.org Does intervention weaken deterrence? -definition -summary -news -opinion", "disabled_for_seconds": 244.96}
2026-04-12 13:36:33,774 INFO {"event": "search_provider_results", "provider": "bing", "query": "site:tandfonline.com research on the consequences of non-intervention in overextension scenarios -definition -summary -news", "result_count": 6}
2026-04-12 13:36:33,774 INFO {"event": "search_provider_skipped", "provider": "duckduckgo", "query": "site:sagepub.com research on the consequences of non-intervention in overextension scenarios -definition -summary -news", "disabled_for_seconds": 244.81}
2026-04-12 13:36:33,946 INFO {"event": "search_provider_results", "provider": "bing", "query": "site:arxiv.org Does intervention weaken deterrence? -definition -summary -news -opinion", "result_count": 6}
2026-04-12 13:36:33,947 INFO {"event": "search_provider_skipped", "provider": "duckduckgo", "query": "site:pubmed.ncbi.nlm.nih.gov Does intervention weaken deterrence? -definition -summary -news -opinion", "disabled_for_seconds": 244.64}
2026-04-12 13:36:34,036 INFO {"event": "search_provider_results", "provider": "bing", "query": "site:sagepub.com research on the consequences of non-intervention in overextension scenarios -definition -summary -news", "result_count": 6}
2026-04-12 13:36:34,038 INFO {"event": "search_provider_skipped", "provider": "duckduckgo", "query": "site:jstor.org research on the consequences of non-intervention in overextension scenarios -definition -summary -news", "disabled_for_seconds": 244.55}
2026-04-12 13:36:34,218 INFO {"event": "search_provider_results", "provider": "bing", "query": "site:pubmed.ncbi.nlm.nih.gov Does intervention weaken deterrence? -definition -summary -news -opinion", "result_count": 6}
2026-04-12 13:36:34,219 INFO {"event": "search_provider_skipped", "provider": "duckduckgo", "query": "site:nber.org Does intervention weaken deterrence? -definition -summary -news -opinion", "disabled_for_seconds": 244.37}
2026-04-12 13:36:34,277 INFO {"event": "search_provider_results", "provider": "bing", "query": "site:jstor.org research on the consequences of non-intervention in overextension scenarios -definition -summary -news", "result_count": 6}
2026-04-12 13:36:34,278 INFO {"event": "search_provider_skipped", "provider": "duckduckgo", "query": "site:doi.org impact of non-intervention on strategic overextension -definition -summary -news", "disabled_for_seconds": 244.31}
2026-04-12 13:36:34,460 INFO {"event": "search_provider_results", "provider": "bing", "query": "site:nber.org Does intervention weaken deterrence? -definition -summary -news -opinion", "result_count": 6}
2026-04-12 13:36:34,461 INFO {"event": "search_provider_skipped", "provider": "duckduckgo", "query": "site:ssrn.com Does intervention weaken deterrence? -definition -summary -news -opinion", "disabled_for_seconds": 244.12}
2026-04-12 13:36:34,546 INFO {"event": "search_provider_results", "provider": "bing", "query": "site:doi.org impact of non-intervention on strategic overextension -definition -summary -news", "result_count": 6}
2026-04-12 13:36:34,547 INFO {"event": "search_provider_skipped", "provider": "duckduckgo", "query": "site:arxiv.org impact of non-intervention on strategic overextension -definition -summary -news", "disabled_for_seconds": 244.04}
2026-04-12 13:36:34,721 INFO {"event": "search_provider_results", "provider": "bing", "query": "site:ssrn.com Does intervention weaken deterrence? -definition -summary -news -opinion", "result_count": 6}
2026-04-12 13:36:34,722 INFO {"event": "search_provider_skipped", "provider": "duckduckgo", "query": "site:sciencedirect.com Does intervention weaken deterrence? -definition -summary -news -opinion", "disabled_for_seconds": 243.86}
2026-04-12 13:36:34,809 INFO {"event": "search_provider_results", "provider": "bing", "query": "site:arxiv.org impact of non-intervention on strategic overextension -definition -summary -news", "result_count": 6}
2026-04-12 13:36:34,810 INFO {"event": "search_provider_skipped", "provider": "duckduckgo", "query": "site:pubmed.ncbi.nlm.nih.gov impact of non-intervention on strategic overextension -definition -summary -news", "disabled_for_seconds": 243.78}
2026-04-12 13:36:34,980 INFO {"event": "search_provider_results", "provider": "bing", "query": "site:sciencedirect.com Does intervention weaken deterrence? -definition -summary -news -opinion", "result_count": 6}
2026-04-12 13:36:34,981 INFO {"event": "search_provider_skipped", "provider": "duckduckgo", "query": "site:springer.com Does intervention weaken deterrence? -definition -summary -news -opinion", "disabled_for_seconds": 243.6}
2026-04-12 13:36:35,195 INFO {"event": "search_provider_results", "provider": "bing", "query": "site:pubmed.ncbi.nlm.nih.gov impact of non-intervention on strategic overextension -definition -summary -news", "result_count": 6}
2026-04-12 13:36:35,196 INFO {"event": "search_provider_skipped", "provider": "duckduckgo", "query": "site:nber.org impact of non-intervention on strategic overextension -definition -summary -news", "disabled_for_seconds": 243.39}
2026-04-12 13:36:35,242 INFO {"event": "search_provider_results", "provider": "bing", "query": "site:springer.com Does intervention weaken deterrence? -definition -summary -news -opinion", "result_count": 6}
2026-04-12 13:36:35,243 INFO {"event": "search_provider_skipped", "provider": "duckduckgo", "query": "site:onlinelibrary.wiley.com Does intervention weaken deterrence? -definition -summary -news -opinion", "disabled_for_seconds": 243.34}
2026-04-12 13:36:35,417 INFO {"event": "search_provider_results", "provider": "bing", "query": "site:nber.org impact of non-intervention on strategic overextension -definition -summary -news", "result_count": 6}
2026-04-12 13:36:35,418 INFO {"event": "search_provider_skipped", "provider": "duckduckgo", "query": "site:ssrn.com impact of non-intervention on strategic overextension -definition -summary -news", "disabled_for_seconds": 243.17}
2026-04-12 13:36:35,459 INFO {"event": "search_provider_results", "provider": "bing", "query": "site:onlinelibrary.wiley.com Does intervention weaken deterrence? -definition -summary -news -opinion", "result_count": 6}
2026-04-12 13:36:35,460 INFO {"event": "search_provider_skipped", "provider": "duckduckgo", "query": "site:cambridge.org Does intervention weaken deterrence? -definition -summary -news -opinion", "disabled_for_seconds": 243.12}
2026-04-12 13:36:35,690 INFO {"event": "search_provider_results", "provider": "bing", "query": "site:ssrn.com impact of non-intervention on strategic overextension -definition -summary -news", "result_count": 6}
2026-04-12 13:36:35,691 INFO {"event": "search_provider_skipped", "provider": "duckduckgo", "query": "site:sciencedirect.com impact of non-intervention on strategic overextension -definition -summary -news", "disabled_for_seconds": 242.89}
2026-04-12 13:36:35,743 INFO {"event": "search_provider_results", "provider": "bing", "query": "site:cambridge.org Does intervention weaken deterrence? -definition -summary -news -opinion", "result_count": 6}
2026-04-12 13:36:35,744 INFO {"event": "search_provider_skipped", "provider": "duckduckgo", "query": "site:tandfonline.com Does intervention weaken deterrence? -definition -summary -news -opinion", "disabled_for_seconds": 242.84}
2026-04-12 13:36:35,920 INFO {"event": "search_provider_results", "provider": "bing", "query": "site:sciencedirect.com impact of non-intervention on strategic overextension -definition -summary -news", "result_count": 6}
2026-04-12 13:36:35,921 INFO {"event": "search_provider_skipped", "provider": "duckduckgo", "query": "site:springer.com impact of non-intervention on strategic overextension -definition -summary -news", "disabled_for_seconds": 242.66}
2026-04-12 13:36:35,978 INFO {"event": "search_provider_results", "provider": "bing", "query": "site:tandfonline.com Does intervention weaken deterrence? -definition -summary -news -opinion", "result_count": 6}
2026-04-12 13:36:35,978 INFO {"event": "search_provider_skipped", "provider": "duckduckgo", "query": "site:sagepub.com Does intervention weaken deterrence? -definition -summary -news -opinion", "disabled_for_seconds": 242.61}
2026-04-12 13:36:36,222 INFO {"event": "search_provider_results", "provider": "bing", "query": "site:springer.com impact of non-intervention on strategic overextension -definition -summary -news", "result_count": 6}
2026-04-12 13:36:36,223 INFO {"event": "search_provider_results", "provider": "bing", "query": "site:sagepub.com Does intervention weaken deterrence? -definition -summary -news -opinion", "result_count": 6}
2026-04-12 13:36:36,224 INFO {"event": "search_provider_skipped", "provider": "duckduckgo", "query": "site:onlinelibrary.wiley.com impact of non-intervention on strategic overextension -definition -summary -news", "disabled_for_seconds": 242.36}
2026-04-12 13:36:36,225 INFO {"event": "search_provider_skipped", "provider": "duckduckgo", "query": "site:jstor.org Does intervention weaken deterrence? -definition -summary -news -opinion", "disabled_for_seconds": 242.36}
2026-04-12 13:36:36,489 INFO {"event": "search_provider_results", "provider": "bing", "query": "site:jstor.org Does intervention weaken deterrence? -definition -summary -news -opinion", "result_count": 6}
2026-04-12 13:36:36,490 INFO {"event": "search_provider_skipped", "provider": "duckduckgo", "query": "site:rand.org intervention weakening deterrence -definition -summary -news -opinion", "disabled_for_seconds": 242.09}
2026-04-12 13:36:36,536 INFO {"event": "search_provider_results", "provider": "bing", "query": "site:onlinelibrary.wiley.com impact of non-intervention on strategic overextension -definition -summary -news", "result_count": 6}
2026-04-12 13:36:36,537 INFO {"event": "search_provider_skipped", "provider": "duckduckgo", "query": "site:cambridge.org impact of non-intervention on strategic overextension -definition -summary -news", "disabled_for_seconds": 242.05}
2026-04-12 13:36:36,738 INFO {"event": "search_provider_results", "provider": "bing", "query": "site:rand.org intervention weakening deterrence -definition -summary -news -opinion", "result_count": 6}
2026-04-12 13:36:36,739 INFO {"event": "search_provider_skipped", "provider": "duckduckgo", "query": "site:brookings.edu intervention weakening deterrence -definition -summary -news -opinion", "disabled_for_seconds": 241.85}
2026-04-12 13:36:36,788 INFO {"event": "search_provider_results", "provider": "bing", "query": "site:cambridge.org impact of non-intervention on strategic overextension -definition -summary -news", "result_count": 6}
2026-04-12 13:36:36,789 INFO {"event": "search_provider_skipped", "provider": "duckduckgo", "query": "site:tandfonline.com impact of non-intervention on strategic overextension -definition -summary -news", "disabled_for_seconds": 241.8}
2026-04-12 13:36:36,995 INFO {"event": "search_provider_results", "provider": "bing", "query": "site:brookings.edu intervention weakening deterrence -definition -summary -news -opinion", "result_count": 6}
2026-04-12 13:36:36,996 INFO {"event": "search_provider_skipped", "provider": "duckduckgo", "query": "site:cfr.org intervention weakening deterrence -definition -summary -news -opinion", "disabled_for_seconds": 241.59}
2026-04-12 13:36:37,096 INFO {"event": "search_provider_results", "provider": "bing", "query": "site:tandfonline.com impact of non-intervention on strategic overextension -definition -summary -news", "result_count": 6}
2026-04-12 13:36:37,098 INFO {"event": "search_provider_skipped", "provider": "duckduckgo", "query": "site:sagepub.com impact of non-intervention on strategic overextension -definition -summary -news", "disabled_for_seconds": 241.49}
2026-04-12 13:36:37,243 INFO {"event": "search_provider_results", "provider": "bing", "query": "site:cfr.org intervention weakening deterrence -definition -summary -news -opinion", "result_count": 6}
2026-04-12 13:36:37,245 INFO {"event": "search_provider_skipped", "provider": "duckduckgo", "query": "site:imf.org intervention weakening deterrence -definition -summary -news -opinion", "disabled_for_seconds": 241.34}
2026-04-12 13:36:37,382 INFO {"event": "search_provider_results", "provider": "bing", "query": "site:sagepub.com impact of non-intervention on strategic overextension -definition -summary -news", "result_count": 6}
2026-04-12 13:36:37,383 INFO {"event": "search_provider_skipped", "provider": "duckduckgo", "query": "site:jstor.org impact of non-intervention on strategic overextension -definition -summary -news", "disabled_for_seconds": 241.2}
2026-04-12 13:36:37,464 INFO {"event": "search_provider_results", "provider": "bing", "query": "site:imf.org intervention weakening deterrence -definition -summary -news -opinion", "result_count": 6}
2026-04-12 13:36:37,464 INFO {"event": "search_provider_skipped", "provider": "duckduckgo", "query": "site:worldbank.org intervention weakening deterrence -definition -summary -news -opinion", "disabled_for_seconds": 241.12}
2026-04-12 13:36:37,598 INFO {"event": "search_provider_results", "provider": "bing", "query": "site:jstor.org impact of non-intervention on strategic overextension -definition -summary -news", "result_count": 6}
2026-04-12 13:36:37,599 INFO {"event": "search_provider_skipped", "provider": "duckduckgo", "query": "site:doi.org causal relationship between non-intervention and overextension collapse -definition -summary -news", "disabled_for_seconds": 240.99}
2026-04-12 13:36:37,705 INFO {"event": "search_provider_results", "provider": "bing", "query": "site:worldbank.org intervention weakening deterrence -definition -summary -news -opinion", "result_count": 6}
2026-04-12 13:36:37,707 INFO {"event": "search_provider_skipped", "provider": "duckduckgo", "query": "site:nber.org intervention weakening deterrence -definition -summary -news -opinion", "disabled_for_seconds": 240.88}
2026-04-12 13:36:37,848 INFO {"event": "search_provider_results", "provider": "bing", "query": "site:doi.org causal relationship between non-intervention and overextension collapse -definition -summary -news", "result_count": 6}
2026-04-12 13:36:37,849 INFO {"event": "search_provider_skipped", "provider": "duckduckgo", "query": "site:arxiv.org causal relationship between non-intervention and overextension collapse -definition -summary -news", "disabled_for_seconds": 240.74}
2026-04-12 13:36:37,944 INFO {"event": "search_provider_results", "provider": "bing", "query": "site:nber.org intervention weakening deterrence -definition -summary -news -opinion", "result_count": 6}
2026-04-12 13:36:37,945 INFO {"event": "search_provider_skipped", "provider": "duckduckgo", "query": "site:rand.org think tanks on intervention and deterrence -definition -summary -news -opinion", "disabled_for_seconds": 240.64}
2026-04-12 13:36:38,092 INFO {"event": "search_provider_results", "provider": "bing", "query": "site:arxiv.org causal relationship between non-intervention and overextension collapse -definition -summary -news", "result_count": 6}
2026-04-12 13:36:38,093 INFO {"event": "search_provider_skipped", "provider": "duckduckgo", "query": "site:pubmed.ncbi.nlm.nih.gov causal relationship between non-intervention and overextension collapse -definition -summary -news", "disabled_for_seconds": 240.49}
2026-04-12 13:36:38,154 INFO {"event": "search_provider_results", "provider": "bing", "query": "site:rand.org think tanks on intervention and deterrence -definition -summary -news -opinion", "result_count": 6}
2026-04-12 13:36:38,155 INFO {"event": "search_provider_skipped", "provider": "duckduckgo", "query": "site:brookings.edu think tanks on intervention and deterrence -definition -summary -news -opinion", "disabled_for_seconds": 240.43}
2026-04-12 13:36:38,355 INFO {"event": "search_provider_results", "provider": "bing", "query": "site:pubmed.ncbi.nlm.nih.gov causal relationship between non-intervention and overextension collapse -definition -summary -news", "result_count": 6}
2026-04-12 13:36:38,356 INFO {"event": "search_provider_skipped", "provider": "duckduckgo", "query": "site:nber.org causal relationship between non-intervention and overextension collapse -definition -summary -news", "disabled_for_seconds": 240.23}
2026-04-12 13:36:38,410 INFO {"event": "search_provider_results", "provider": "bing", "query": "site:brookings.edu think tanks on intervention and deterrence -definition -summary -news -opinion", "result_count": 6}
2026-04-12 13:36:38,411 INFO {"event": "search_provider_skipped", "provider": "duckduckgo", "query": "site:cfr.org think tanks on intervention and deterrence -definition -summary -news -opinion", "disabled_for_seconds": 240.17}
2026-04-12 13:36:38,606 INFO {"event": "search_provider_results", "provider": "bing", "query": "site:nber.org causal relationship between non-intervention and overextension collapse -definition -summary -news", "result_count": 6}
2026-04-12 13:36:38,608 INFO {"event": "search_provider_skipped", "provider": "duckduckgo", "query": "site:ssrn.com causal relationship between non-intervention and overextension collapse -definition -summary -news", "disabled_for_seconds": 239.98}
2026-04-12 13:36:38,650 INFO {"event": "search_provider_results", "provider": "bing", "query": "site:cfr.org think tanks on intervention and deterrence -definition -summary -news -opinion", "result_count": 6}
2026-04-12 13:36:38,651 INFO {"event": "search_provider_skipped", "provider": "duckduckgo", "query": "site:imf.org think tanks on intervention and deterrence -definition -summary -news -opinion", "disabled_for_seconds": 239.93}
2026-04-12 13:36:38,837 INFO {"event": "search_provider_results", "provider": "bing", "query": "site:ssrn.com causal relationship between non-intervention and overextension collapse -definition -summary -news", "result_count": 6}
2026-04-12 13:36:38,839 INFO {"event": "search_provider_skipped", "provider": "duckduckgo", "query": "site:sciencedirect.com causal relationship between non-intervention and overextension collapse -definition -summary -news", "disabled_for_seconds": 239.75}
2026-04-12 13:36:38,888 INFO {"event": "search_provider_results", "provider": "bing", "query": "site:imf.org think tanks on intervention and deterrence -definition -summary -news -opinion", "result_count": 6}
2026-04-12 13:36:38,889 INFO {"event": "search_provider_skipped", "provider": "duckduckgo", "query": "site:worldbank.org think tanks on intervention and deterrence -definition -summary -news -opinion", "disabled_for_seconds": 239.7}
2026-04-12 13:36:39,104 INFO {"event": "search_provider_results", "provider": "bing", "query": "site:sciencedirect.com causal relationship between non-intervention and overextension collapse -definition -summary -news", "result_count": 6}
2026-04-12 13:36:39,105 INFO {"event": "search_provider_skipped", "provider": "duckduckgo", "query": "site:springer.com causal relationship between non-intervention and overextension collapse -definition -summary -news", "disabled_for_seconds": 239.48}
2026-04-12 13:36:39,150 INFO {"event": "search_provider_results", "provider": "bing", "query": "site:worldbank.org think tanks on intervention and deterrence -definition -summary -news -opinion", "result_count": 6}
2026-04-12 13:36:39,151 INFO {"event": "search_provider_skipped", "provider": "duckduckgo", "query": "site:nber.org think tanks on intervention and deterrence -definition -summary -news -opinion", "disabled_for_seconds": 239.43}
2026-04-12 13:36:39,355 INFO {"event": "search_provider_results", "provider": "bing", "query": "site:springer.com causal relationship between non-intervention and overextension collapse -definition -summary -news", "result_count": 6}
2026-04-12 13:36:39,356 INFO {"event": "search_provider_skipped", "provider": "duckduckgo", "query": "site:onlinelibrary.wiley.com causal relationship between non-intervention and overextension collapse -definition -summary -news", "disabled_for_seconds": 239.23}
2026-04-12 13:36:39,407 INFO {"event": "search_provider_results", "provider": "bing", "query": "site:nber.org think tanks on intervention and deterrence -definition -summary -news -opinion", "result_count": 6}
2026-04-12 13:36:39,407 INFO {"event": "search_provider_skipped", "provider": "duckduckgo", "query": "site:rand.org think tank reports on intervention effects on deterrence -definition -summary -news -opinion", "disabled_for_seconds": 239.18}
2026-04-12 13:36:39,594 INFO {"event": "search_provider_results", "provider": "bing", "query": "site:onlinelibrary.wiley.com causal relationship between non-intervention and overextension collapse -definition -summary -news", "result_count": 6}
2026-04-12 13:36:39,595 INFO {"event": "search_provider_skipped", "provider": "duckduckgo", "query": "site:cambridge.org causal relationship between non-intervention and overextension collapse -definition -summary -news", "disabled_for_seconds": 238.99}
2026-04-12 13:36:39,658 INFO {"event": "search_provider_results", "provider": "bing", "query": "site:rand.org think tank reports on intervention effects on deterrence -definition -summary -news -opinion", "result_count": 6}
2026-04-12 13:36:39,658 INFO {"event": "search_provider_skipped", "provider": "duckduckgo", "query": "site:brookings.edu think tank reports on intervention effects on deterrence -definition -summary -news -opinion", "disabled_for_seconds": 238.93}
2026-04-12 13:36:39,859 INFO {"event": "search_provider_results", "provider": "bing", "query": "site:cambridge.org causal relationship between non-intervention and overextension collapse -definition -summary -news", "result_count": 6}
2026-04-12 13:36:39,860 INFO {"event": "search_provider_skipped", "provider": "duckduckgo", "query": "site:tandfonline.com causal relationship between non-intervention and overextension collapse -definition -summary -news", "disabled_for_seconds": 238.73}
2026-04-12 13:36:39,939 INFO {"event": "search_provider_results", "provider": "bing", "query": "site:brookings.edu think tank reports on intervention effects on deterrence -definition -summary -news -opinion", "result_count": 6}
2026-04-12 13:36:39,940 INFO {"event": "search_provider_skipped", "provider": "duckduckgo", "query": "site:cfr.org think tank reports on intervention effects on deterrence -definition -summary -news -opinion", "disabled_for_seconds": 238.65}
2026-04-12 13:36:40,111 INFO {"event": "search_provider_results", "provider": "bing", "query": "site:tandfonline.com causal relationship between non-intervention and overextension collapse -definition -summary -news", "result_count": 6}
2026-04-12 13:36:40,112 INFO {"event": "search_provider_skipped", "provider": "duckduckgo", "query": "site:sagepub.com causal relationship between non-intervention and overextension collapse -definition -summary -news", "disabled_for_seconds": 238.47}
2026-04-12 13:36:40,231 INFO {"event": "search_provider_results", "provider": "bing", "query": "site:cfr.org think tank reports on intervention effects on deterrence -definition -summary -news -opinion", "result_count": 6}
2026-04-12 13:36:40,232 INFO {"event": "search_provider_skipped", "provider": "duckduckgo", "query": "site:imf.org think tank reports on intervention effects on deterrence -definition -summary -news -opinion", "disabled_for_seconds": 238.35}
2026-04-12 13:36:40,394 INFO {"event": "search_provider_results", "provider": "bing", "query": "site:sagepub.com causal relationship between non-intervention and overextension collapse -definition -summary -news", "result_count": 1}
2026-04-12 13:36:40,395 INFO {"event": "search_provider_skipped", "provider": "duckduckgo", "query": "site:jstor.org causal relationship between non-intervention and overextension collapse -definition -summary -news", "disabled_for_seconds": 238.19}
2026-04-12 13:36:40,490 INFO {"event": "search_provider_results", "provider": "bing", "query": "site:imf.org think tank reports on intervention effects on deterrence -definition -summary -news -opinion", "result_count": 6}
2026-04-12 13:36:40,490 INFO {"event": "search_provider_skipped", "provider": "duckduckgo", "query": "site:worldbank.org think tank reports on intervention effects on deterrence -definition -summary -news -opinion", "disabled_for_seconds": 238.09}
2026-04-12 13:36:40,606 INFO {"event": "search_provider_results", "provider": "bing", "query": "site:jstor.org causal relationship between non-intervention and overextension collapse -definition -summary -news", "result_count": 6}
2026-04-12 13:36:40,607 INFO {"event": "search_provider_skipped", "provider": "duckduckgo", "query": "site:rand.org think tank reports on non-intervention effects on overextension -definition -summary -news", "disabled_for_seconds": 237.98}
2026-04-12 13:36:40,767 INFO {"event": "search_provider_results", "provider": "bing", "query": "site:worldbank.org think tank reports on intervention effects on deterrence -definition -summary -news -opinion", "result_count": 6}
2026-04-12 13:36:40,768 INFO {"event": "search_provider_skipped", "provider": "duckduckgo", "query": "site:nber.org think tank reports on intervention effects on deterrence -definition -summary -news -opinion", "disabled_for_seconds": 237.82}
2026-04-12 13:36:40,828 INFO {"event": "search_provider_results", "provider": "bing", "query": "site:rand.org think tank reports on non-intervention effects on overextension -definition -summary -news", "result_count": 6}
2026-04-12 13:36:40,829 INFO {"event": "search_provider_skipped", "provider": "duckduckgo", "query": "site:brookings.edu think tank reports on non-intervention effects on overextension -definition -summary -news", "disabled_for_seconds": 237.76}
2026-04-12 13:36:41,062 INFO {"event": "search_provider_results", "provider": "bing", "query": "site:nber.org think tank reports on intervention effects on deterrence -definition -summary -news -opinion", "result_count": 6}
2026-04-12 13:36:41,063 INFO {"event": "search_provider_skipped", "provider": "duckduckgo", "query": "intervention weakens deterrence -definition -summary -news -opinion", "disabled_for_seconds": 237.52}
2026-04-12 13:36:41,108 INFO {"event": "search_provider_results", "provider": "bing", "query": "site:brookings.edu think tank reports on non-intervention effects on overextension -definition -summary -news", "result_count": 6}
2026-04-12 13:36:41,109 INFO {"event": "search_provider_skipped", "provider": "duckduckgo", "query": "site:cfr.org think tank reports on non-intervention effects on overextension -definition -summary -news", "disabled_for_seconds": 237.48}
2026-04-12 13:36:41,308 INFO {"event": "search_provider_results", "provider": "bing", "query": "site:cfr.org think tank reports on non-intervention effects on overextension -definition -summary -news", "result_count": 6}
2026-04-12 13:36:41,309 INFO {"event": "search_provider_skipped", "provider": "duckduckgo", "query": "site:imf.org think tank reports on non-intervention effects on overextension -definition -summary -news", "disabled_for_seconds": 237.28}
2026-04-12 13:36:41,354 INFO {"event": "search_provider_results", "provider": "bing", "query": "intervention weakens deterrence -definition -summary -news -opinion", "result_count": 10}
2026-04-12 13:36:41,355 INFO {"event": "search_provider_skipped", "provider": "duckduckgo", "query": "think tanks on intervention and deterrence -definition -summary -news -opinion", "disabled_for_seconds": 237.23}
2026-04-12 13:36:41,553 INFO {"event": "search_provider_results", "provider": "bing", "query": "site:imf.org think tank reports on non-intervention effects on overextension -definition -summary -news", "result_count": 6}
2026-04-12 13:36:41,554 INFO {"event": "search_provider_skipped", "provider": "duckduckgo", "query": "site:worldbank.org think tank reports on non-intervention effects on overextension -definition -summary -news", "disabled_for_seconds": 237.03}
2026-04-12 13:36:41,598 INFO {"event": "search_provider_results", "provider": "bing", "query": "think tanks on intervention and deterrence -definition -summary -news -opinion", "result_count": 10}
2026-04-12 13:36:41,598 INFO {"event": "search_provider_skipped", "provider": "duckduckgo", "query": "public evidence on intervention weakening deterrence -definition -summary -news -opinion", "disabled_for_seconds": 236.99}
2026-04-12 13:36:41,783 INFO {"event": "search_provider_results", "provider": "bing", "query": "site:worldbank.org think tank reports on non-intervention effects on overextension -definition -summary -news", "result_count": 6}
2026-04-12 13:36:41,784 INFO {"event": "search_provider_skipped", "provider": "duckduckgo", "query": "site:nber.org think tank reports on non-intervention effects on overextension -definition -summary -news", "disabled_for_seconds": 236.8}
2026-04-12 13:36:41,831 INFO {"event": "search_provider_results", "provider": "bing", "query": "public evidence on intervention weakening deterrence -definition -summary -news -opinion", "result_count": 10}
2026-04-12 13:36:41,831 INFO {"event": "search_provider_skipped", "provider": "duckduckgo", "query": "Does intervention weaken deterrence? -definition -summary -news -opinion", "disabled_for_seconds": 236.75}
2026-04-12 13:36:42,027 INFO {"event": "search_provider_results", "provider": "bing", "query": "site:nber.org think tank reports on non-intervention effects on overextension -definition -summary -news", "result_count": 6}
2026-04-12 13:36:42,027 INFO {"event": "search_provider_skipped", "provider": "duckduckgo", "query": "site:rand.org policy analysis on strategic overextension collapse due to non-intervention -definition -summary -news", "disabled_for_seconds": 236.56}
2026-04-12 13:36:42,085 INFO {"event": "search_provider_results", "provider": "bing", "query": "Does intervention weaken deterrence? -definition -summary -news -opinion", "result_count": 10}
2026-04-12 13:36:42,086 INFO {"event": "research_discovered", "request_id": "de91f8ade7", "academic": 2, "think_tank": 0, "general_web": 41, "executed_queries": [{"stage": "academic", "query": "intervention AND deterrence AND weakening -definition -summary -news -opinion"}, {"stage": "academic", "query": "effect of intervention on deterrence posture -definition -summary -news -opinion"}, {"stage": "academic", "query": "impact of intervention on conventional deterrence -definition -summary -news -opinion"}, {"stage": "academic", "query": "Does intervention weaken deterrence? -definition -summary -news -opinion"}, {"stage": "think_tank", "query": "intervention weakening deterrence -definition -summary -news -opinion"}, {"stage": "think_tank", "query": "think tanks on intervention and deterrence -definition -summary -news -opinion"}, {"stage": "think_tank", "query": "think tank reports on intervention effects on deterrence -definition -summary -news -opinion"}, {"stage": "general_web", "query": "intervention weakens deterrence -definition -summary -news -opinion"}, {"stage": "general_web", "query": "think tanks on intervention and deterrence -definition -summary -news -opinion"}, {"stage": "general_web", "query": "public evidence on intervention weakening deterrence -definition -summary -news -opinion"}, {"stage": "general_web", "query": "Does intervention weaken deterrence? -definition -summary -news -opinion"}]}
2026-04-12 13:36:42,092 INFO {"event": "research_filtered_discovered", "request_id": "de91f8ade7", "discovered": 22, "blocked_domains": ["dictionary.cambridge.org", "debateus.org"], "blocked_discovered": 4, "low_value_discovered": 17}
2026-04-12 13:36:42,250 INFO {"event": "search_provider_results", "provider": "bing", "query": "site:rand.org policy analysis on strategic overextension collapse due to non-intervention -definition -summary -news", "result_count": 6}
2026-04-12 13:36:42,251 INFO {"event": "search_provider_skipped", "provider": "duckduckgo", "query": "site:brookings.edu policy analysis on strategic overextension collapse due to non-intervention -definition -summary -news", "disabled_for_seconds": 236.33}
2026-04-12 13:36:42,502 INFO {"event": "search_provider_results", "provider": "bing", "query": "site:brookings.edu policy analysis on strategic overextension collapse due to non-intervention -definition -summary -news", "result_count": 6}
2026-04-12 13:36:42,503 INFO {"event": "search_provider_skipped", "provider": "duckduckgo", "query": "site:cfr.org policy analysis on strategic overextension collapse due to non-intervention -definition -summary -news", "disabled_for_seconds": 236.08}
2026-04-12 13:36:42,821 INFO {"event": "search_provider_results", "provider": "bing", "query": "site:cfr.org policy analysis on strategic overextension collapse due to non-intervention -definition -summary -news", "result_count": 6}
2026-04-12 13:36:42,823 INFO {"event": "search_provider_skipped", "provider": "duckduckgo", "query": "site:imf.org policy analysis on strategic overextension collapse due to non-intervention -definition -summary -news", "disabled_for_seconds": 235.76}
2026-04-12 13:36:43,062 INFO {"event": "search_provider_results", "provider": "bing", "query": "site:imf.org policy analysis on strategic overextension collapse due to non-intervention -definition -summary -news", "result_count": 6}
2026-04-12 13:36:43,062 INFO {"event": "search_provider_skipped", "provider": "duckduckgo", "query": "site:worldbank.org policy analysis on strategic overextension collapse due to non-intervention -definition -summary -news", "disabled_for_seconds": 235.52}
2026-04-12 13:36:43,266 INFO {"event": "search_provider_results", "provider": "bing", "query": "site:worldbank.org policy analysis on strategic overextension collapse due to non-intervention -definition -summary -news", "result_count": 6}
2026-04-12 13:36:43,268 INFO {"event": "search_provider_skipped", "provider": "duckduckgo", "query": "site:nber.org policy analysis on strategic overextension collapse due to non-intervention -definition -summary -news", "disabled_for_seconds": 235.32}
2026-04-12 13:36:43,522 INFO {"event": "search_provider_results", "provider": "bing", "query": "site:nber.org policy analysis on strategic overextension collapse due to non-intervention -definition -summary -news", "result_count": 6}
2026-04-12 13:36:43,522 INFO {"event": "search_provider_skipped", "provider": "duckduckgo", "query": "site:rand.org Non-intervention leads to strategic overextension collapse strategy report -definition -summary -news", "disabled_for_seconds": 235.06}
2026-04-12 13:36:43,779 INFO {"event": "search_provider_results", "provider": "bing", "query": "site:rand.org Non-intervention leads to strategic overextension collapse strategy report -definition -summary -news", "result_count": 6}
2026-04-12 13:36:43,780 INFO {"event": "search_provider_skipped", "provider": "duckduckgo", "query": "site:brookings.edu Non-intervention leads to strategic overextension collapse strategy report -definition -summary -news", "disabled_for_seconds": 234.8}
2026-04-12 13:36:44,073 INFO {"event": "search_provider_results", "provider": "bing", "query": "site:brookings.edu Non-intervention leads to strategic overextension collapse strategy report -definition -summary -news", "result_count": 6}
2026-04-12 13:36:44,073 INFO {"event": "search_provider_skipped", "provider": "duckduckgo", "query": "site:cfr.org Non-intervention leads to strategic overextension collapse strategy report -definition -summary -news", "disabled_for_seconds": 234.51}
2026-04-12 13:36:44,324 INFO {"event": "search_provider_results", "provider": "bing", "query": "site:cfr.org Non-intervention leads to strategic overextension collapse strategy report -definition -summary -news", "result_count": 6}
2026-04-12 13:36:44,325 INFO {"event": "search_provider_skipped", "provider": "duckduckgo", "query": "site:imf.org Non-intervention leads to strategic overextension collapse strategy report -definition -summary -news", "disabled_for_seconds": 234.26}
2026-04-12 13:36:44,568 INFO {"event": "search_provider_results", "provider": "bing", "query": "site:imf.org Non-intervention leads to strategic overextension collapse strategy report -definition -summary -news", "result_count": 6}
2026-04-12 13:36:44,568 INFO {"event": "search_provider_skipped", "provider": "duckduckgo", "query": "site:worldbank.org Non-intervention leads to strategic overextension collapse strategy report -definition -summary -news", "disabled_for_seconds": 234.02}
2026-04-12 13:36:44,804 INFO {"event": "search_provider_results", "provider": "bing", "query": "site:worldbank.org Non-intervention leads to strategic overextension collapse strategy report -definition -summary -news", "result_count": 6}
2026-04-12 13:36:44,805 INFO {"event": "search_provider_skipped", "provider": "duckduckgo", "query": "site:nber.org Non-intervention leads to strategic overextension collapse strategy report -definition -summary -news", "disabled_for_seconds": 233.78}
2026-04-12 13:36:45,091 INFO {"event": "search_provider_results", "provider": "bing", "query": "site:nber.org Non-intervention leads to strategic overextension collapse strategy report -definition -summary -news", "result_count": 6}
2026-04-12 13:36:45,091 INFO {"event": "search_provider_skipped", "provider": "duckduckgo", "query": "web evidence on non-intervention leading to overextension collapse -definition -summary -news", "disabled_for_seconds": 233.49}
2026-04-12 13:36:45,333 INFO {"event": "search_provider_results", "provider": "bing", "query": "web evidence on non-intervention leading to overextension collapse -definition -summary -news", "result_count": 1}
2026-04-12 13:36:45,334 INFO {"event": "search_provider_skipped", "provider": "duckduckgo", "query": "public discussions on the impact of non-intervention on overextension -definition -summary -news", "disabled_for_seconds": 233.25}
2026-04-12 13:36:45,613 INFO {"event": "search_provider_results", "provider": "bing", "query": "public discussions on the impact of non-intervention on overextension -definition -summary -news", "result_count": 10}
2026-04-12 13:36:45,614 INFO {"event": "search_provider_skipped", "provider": "duckduckgo", "query": "impact of non-intervention on strategic overextension -definition -summary -news", "disabled_for_seconds": 232.97}
2026-04-12 13:36:45,850 INFO {"event": "search_provider_results", "provider": "bing", "query": "impact of non-intervention on strategic overextension -definition -summary -news", "result_count": 10}
2026-04-12 13:36:45,851 INFO {"event": "search_provider_skipped", "provider": "duckduckgo", "query": "causal relationship between non-intervention and overextension collapse -definition -summary -news", "disabled_for_seconds": 232.73}
2026-04-12 13:36:46,153 INFO {"event": "search_provider_results", "provider": "bing", "query": "causal relationship between non-intervention and overextension collapse -definition -summary -news", "result_count": 10}
2026-04-12 13:36:46,154 INFO {"event": "research_discovered", "request_id": "a8452a375f", "academic": 6, "think_tank": 0, "general_web": 32, "executed_queries": [{"stage": "academic", "query": "journal articles on non-intervention and strategic overextension collapse -definition -summary -news"}, {"stage": "academic", "query": "research on the consequences of non-intervention in overextension scenarios -definition -summary -news"}, {"stage": "academic", "query": "impact of non-intervention on strategic overextension -definition -summary -news"}, {"stage": "academic", "query": "causal relationship between non-intervention and overextension collapse -definition -summary -news"}, {"stage": "think_tank", "query": "think tank reports on non-intervention effects on overextension -definition -summary -news"}, {"stage": "think_tank", "query": "policy analysis on strategic overextension collapse due to non-intervention -definition -summary -news"}, {"stage": "think_tank", "query": "Non-intervention leads to strategic overextension collapse strategy report -definition -summary -news"}, {"stage": "general_web", "query": "web evidence on non-intervention leading to overextension collapse -definition -summary -news"}, {"stage": "general_web", "query": "public discussions on the impact of non-intervention on overextension -definition -summary -news"}, {"stage": "general_web", "query": "impact of non-intervention on strategic overextension -definition -summary -news"}, {"stage": "general_web", "query": "causal relationship between non-intervention and overextension collapse -definition -summary -news"}]}
2026-04-12 13:36:46,158 INFO {"event": "research_filtered_discovered", "request_id": "a8452a375f", "discovered": 32, "blocked_domains": ["dictionary.cambridge.org", "debateus.org"], "blocked_discovered": 0, "low_value_discovered": 6}
2026-04-12 13:36:51,846 INFO {"event": "research_complete", "request_id": "de91f8ade7", "fetched": 21, "mixed_pool": 3, "selected_source_id": "S1", "selected_title": "About Us", "selected_url": "https://public.com/about-us", "selected_bucket": "academic"}
2026-04-12 13:37:08,000 INFO {"event": "research_complete", "request_id": "a8452a375f", "fetched": 30, "mixed_pool": 12, "selected_source_id": "S1", "selected_title": "Stocks, Bonds, Crypto & Options AI Investing App - Public.com", "selected_url": "https://public.com/", "selected_bucket": "academic"}
